#
# There is insufficient memory for the Java Runtime Environment to continue.
# Native memory allocation (malloc) failed to allocate 2779232 bytes for Chunk::new
# Possible reasons:
#   The system is out of physical RAM or swap space
#   The process is running with CompressedOops enabled, and the Java Heap may be blocking the growth of the native heap
# Possible solutions:
#   Reduce memory load on the system
#   Increase physical memory or swap space
#   Check if swap backing store is full
#   Decrease Java heap size (-Xmx/-Xms)
#   Decrease number of Java threads
#   Decrease Java thread stack sizes (-Xss)
#   Set larger code cache with -XX:ReservedCodeCacheSize=
#   JVM is running with Unscaled Compressed Oops mode in which the Java heap is
#     placed in the first 4GB address space. The Java Heap base address is the
#     maximum limit for the native heap growth. Please use -XX:HeapBaseMinAddress
#     to set the Java Heap base and to place the Java Heap above 4GB virtual address.
# This output file may be truncated or incomplete.
#
#  Out of Memory Error (arena.cpp:191), pid=17412, tid=10128
#
# JRE version: OpenJDK Runtime Environment Temurin-17.0.10+7 (17.0.10+7) (build 17.0.10+7)
# Java VM: OpenJDK 64-Bit Server VM Temurin-17.0.10+7 (17.0.10+7, mixed mode, tiered, compressed oops, compressed class ptrs, parallel gc, windows-amd64)
# No core dump will be written. Minidumps are not enabled by default on client versions of Windows
#

---------------  S U M M A R Y ------------

Command Line: --add-modules=ALL-SYSTEM --add-opens=java.base/java.util=ALL-UNNAMED --add-opens=java.base/java.lang=ALL-UNNAMED --add-opens=java.base/sun.nio.fs=ALL-UNNAMED -Declipse.application=org.eclipse.jdt.ls.core.id1 -Dosgi.bundles.defaultStartLevel=4 -Declipse.product=org.eclipse.jdt.ls.core.product -Djava.import.generatesMetadataFilesAtProjectRoot=false -DDetectVMInstallationsJob.disabled=true -Dfile.encoding=utf8 -XX:+UseParallelGC -XX:GCTimeRatio=4 -XX:AdaptiveSizePolicyWeight=90 -Dsun.zip.disableMemoryMapping=true -Xmx1G -Xms100m -Xlog:disable -javaagent:c:\Users\WWW\.vscode\extensions\redhat.java-1.28.1-win32-x64\lombok\lombok-1.18.31.jar -XX:+HeapDumpOnOutOfMemoryError -XX:HeapDumpPath=c:\Users\WWW\AppData\Roaming\Code\User\workspaceStorage\25c52656fe235033c3891bf73b138fd1\redhat.java -Daether.dependencyCollector.impl=bf c:\Users\WWW\.vscode\extensions\redhat.java-1.28.1-win32-x64\server\plugins\org.eclipse.equinox.launcher_1.6.700.v20231214-2017.jar -configuration c:\Users\WWW\AppData\Roaming\Code\User\globalStorage\redhat.java\1.28.1\config_win -data c:\Users\WWW\AppData\Roaming\Code\User\workspaceStorage\25c52656fe235033c3891bf73b138fd1\redhat.java\jdt_ws --stdio

Host: 11th Gen Intel(R) Core(TM) i3-1115G4 @ 3.00GHz, 4 cores, 11G,  Windows 10 , 64 bit Build 19041 (10.0.19041.3636)
Time: Sun Feb 25 20:53:36 2024 Sri Lanka Standard Time elapsed time: 48.313169 seconds (0d 0h 0m 48s)

---------------  T H R E A D  ---------------

Current thread (0x00000199653448e0):  JavaThread "C2 CompilerThread1" daemon [_thread_in_native, id=10128, stack(0x0000004e03700000,0x0000004e03800000)]


Current CompileTask:
C2:  48313 6747       4       org.apache.felix.resolver.ResolverImpl::mergeUses (495 bytes)

Stack: [0x0000004e03700000,0x0000004e03800000]
Native frames: (J=compiled Java code, j=interpreted, Vv=VM code, C=native code)
V  [jvm.dll+0x67d2c9]
V  [jvm.dll+0x834afa]
V  [jvm.dll+0x8365be]
V  [jvm.dll+0x836c23]
V  [jvm.dll+0x2477ff]
V  [jvm.dll+0xac514]
V  [jvm.dll+0xacb5c]
V  [jvm.dll+0x3667d7]
V  [jvm.dll+0x1bcf72]
V  [jvm.dll+0x21a049]
V  [jvm.dll+0x219311]
V  [jvm.dll+0x1a502d]
V  [jvm.dll+0x2290de]
V  [jvm.dll+0x2272ac]
V  [jvm.dll+0x7e9bb7]
V  [jvm.dll+0x7e3fba]
V  [jvm.dll+0x67c1b5]
C  [ucrtbase.dll+0x21bb2]
C  [KERNEL32.DLL+0x17344]
C  [ntdll.dll+0x526b1]


---------------  P R O C E S S  ---------------

Threads class SMR info:
_java_thread_list=0x0000019964edecd0, length=35, elements={
0x000001994bc0fb70, 0x000001995fa52750, 0x000001995fa55dd0, 0x000001995fa8e140,
0x000001995fa8eb10, 0x000001995fa8f5e0, 0x000001995fa91fc0, 0x000001995fa94bd0,
0x000001995faaea60, 0x0000019964bfc0b0, 0x000001994bc6f8d0, 0x0000019964e83bb0,
0x00000199656bd410, 0x0000019964faaae0, 0x0000019965719420, 0x0000019965371180,
0x00000199656896c0, 0x0000019965689bd0, 0x000001996568a5f0, 0x000001996568c450,
0x000001996568ab00, 0x000001996568ba30, 0x000001996568b010, 0x000001996568b520,
0x0000019965688ca0, 0x0000019966ab39d0, 0x0000019966ab1b70, 0x0000019966aafd10,
0x0000019966aaf2f0, 0x00000199653448e0, 0x0000019966ab0c40, 0x0000019966ab5d40,
0x0000019966ab1660, 0x0000019966ab43f0, 0x0000019966ab4900
}

Java Threads: ( => current thread )
  0x000001994bc0fb70 JavaThread "main" [_thread_blocked, id=12888, stack(0x0000004e01300000,0x0000004e01400000)]
  0x000001995fa52750 JavaThread "Reference Handler" daemon [_thread_blocked, id=18396, stack(0x0000004e01600000,0x0000004e01700000)]
  0x000001995fa55dd0 JavaThread "Finalizer" daemon [_thread_blocked, id=10784, stack(0x0000004e01700000,0x0000004e01800000)]
  0x000001995fa8e140 JavaThread "Signal Dispatcher" daemon [_thread_blocked, id=15248, stack(0x0000004e01800000,0x0000004e01900000)]
  0x000001995fa8eb10 JavaThread "Attach Listener" daemon [_thread_blocked, id=11404, stack(0x0000004e01900000,0x0000004e01a00000)]
  0x000001995fa8f5e0 JavaThread "Service Thread" daemon [_thread_blocked, id=16952, stack(0x0000004e01a00000,0x0000004e01b00000)]
  0x000001995fa91fc0 JavaThread "Monitor Deflation Thread" daemon [_thread_blocked, id=14468, stack(0x0000004e01b00000,0x0000004e01c00000)]
  0x000001995fa94bd0 JavaThread "C2 CompilerThread0" daemon [_thread_blocked, id=14640, stack(0x0000004e01c00000,0x0000004e01d00000)]
  0x000001995faaea60 JavaThread "C1 CompilerThread0" daemon [_thread_blocked, id=12136, stack(0x0000004e01d00000,0x0000004e01e00000)]
  0x0000019964bfc0b0 JavaThread "Sweeper thread" daemon [_thread_blocked, id=6660, stack(0x0000004e01e00000,0x0000004e01f00000)]
  0x000001994bc6f8d0 JavaThread "Common-Cleaner" daemon [_thread_blocked, id=8960, stack(0x0000004e01f00000,0x0000004e02000000)]
  0x0000019964e83bb0 JavaThread "Notification Thread" daemon [_thread_blocked, id=12224, stack(0x0000004e02000000,0x0000004e02100000)]
  0x00000199656bd410 JavaThread "Active Thread: Equinox Container: 831e5401-2334-4bf8-b4f4-43d7b76135ca" [_thread_blocked, id=5344, stack(0x0000004e02a00000,0x0000004e02b00000)]
  0x0000019964faaae0 JavaThread "Framework Event Dispatcher: Equinox Container: 831e5401-2334-4bf8-b4f4-43d7b76135ca" daemon [_thread_blocked, id=14744, stack(0x0000004e02500000,0x0000004e02600000)]
  0x0000019965719420 JavaThread "Start Level: Equinox Container: 831e5401-2334-4bf8-b4f4-43d7b76135ca" daemon [_thread_blocked, id=3952, stack(0x0000004e02600000,0x0000004e02700000)]
  0x0000019965371180 JavaThread "Refresh Thread: Equinox Container: 831e5401-2334-4bf8-b4f4-43d7b76135ca" daemon [_thread_blocked, id=6988, stack(0x0000004e02800000,0x0000004e02900000)]
  0x00000199656896c0 JavaThread "Bundle File Closer" daemon [_thread_blocked, id=17892, stack(0x0000004e02d00000,0x0000004e02e00000)]
  0x0000019965689bd0 JavaThread "SCR Component Actor" daemon [_thread_blocked, id=15708, stack(0x0000004e02900000,0x0000004e02a00000)]
  0x000001996568a5f0 JavaThread "Worker-JM" [_thread_blocked, id=9060, stack(0x0000004e02c00000,0x0000004e02d00000)]
  0x000001996568c450 JavaThread "Worker-0" [_thread_blocked, id=10508, stack(0x0000004e02e00000,0x0000004e02f00000)]
  0x000001996568ab00 JavaThread "Worker-1: Processing Java changes since last activation" [_thread_blocked, id=11368, stack(0x0000004e02f00000,0x0000004e03000000)]
  0x000001996568ba30 JavaThread "Worker-2: Building" [_thread_in_native, id=14392, stack(0x0000004e02700000,0x0000004e02800000)]
  0x000001996568b010 JavaThread "Java indexing" daemon [_thread_blocked, id=17312, stack(0x0000004e03100000,0x0000004e03200000)]
  0x000001996568b520 JavaThread "Worker-3: Update project demo" [_thread_blocked, id=2236, stack(0x0000004e03200000,0x0000004e03300000)]
  0x0000019965688ca0 JavaThread "Worker-4: Loading available Gradle versions" [_thread_in_native, id=18152, stack(0x0000004e02b00000,0x0000004e02c00000)]
  0x0000019966ab39d0 JavaThread "JNA Cleaner" daemon [_thread_blocked, id=11300, stack(0x0000004e03000000,0x0000004e03100000)]
  0x0000019966ab1b70 JavaThread "pool-2-thread-1" [_thread_blocked, id=17248, stack(0x0000004e03300000,0x0000004e03400000)]
  0x0000019966aafd10 JavaThread "WorkspaceEventsHandler" [_thread_blocked, id=6892, stack(0x0000004e03400000,0x0000004e03500000)]
  0x0000019966aaf2f0 JavaThread "pool-1-thread-1" [_thread_blocked, id=9148, stack(0x0000004e03500000,0x0000004e03600000)]
=>0x00000199653448e0 JavaThread "C2 CompilerThread1" daemon [_thread_in_native, id=10128, stack(0x0000004e03700000,0x0000004e03800000)]
  0x0000019966ab0c40 JavaThread "Equinox resolver thread - Equinox Container: 831e5401-2334-4bf8-b4f4-43d7b76135ca" daemon [_thread_in_vm, id=9856, stack(0x0000004e03800000,0x0000004e03900000)]
  0x0000019966ab5d40 JavaThread "Equinox resolver thread - Equinox Container: 831e5401-2334-4bf8-b4f4-43d7b76135ca" daemon [_thread_in_vm, id=3304, stack(0x0000004e03900000,0x0000004e03a00000)]
  0x0000019966ab1660 JavaThread "Equinox resolver thread - Equinox Container: 831e5401-2334-4bf8-b4f4-43d7b76135ca" daemon [_thread_in_vm, id=18380, stack(0x0000004e03a00000,0x0000004e03b00000)]
  0x0000019966ab43f0 JavaThread "Equinox resolver thread - Equinox Container: 831e5401-2334-4bf8-b4f4-43d7b76135ca" daemon [_thread_in_vm, id=16172, stack(0x0000004e03b00000,0x0000004e03c00000)]
  0x0000019966ab4900 JavaThread "Worker-5" [_thread_blocked, id=8672, stack(0x0000004e03c00000,0x0000004e03d00000)]

Other Threads:
  0x000001995fa3ca20 VMThread "VM Thread" [stack: 0x0000004e01500000,0x0000004e01600000] [id=2256]
  0x0000019964e84090 WatcherThread [stack: 0x0000004e02100000,0x0000004e02200000] [id=10448]
  0x000001994bc24420 GCTaskThread "GC Thread#0" [stack: 0x0000004e01400000,0x0000004e01500000] [id=15052]
  0x0000019965918be0 GCTaskThread "GC Thread#1" [stack: 0x0000004e02200000,0x0000004e02300000] [id=12100]
  0x00000199654e6740 GCTaskThread "GC Thread#2" [stack: 0x0000004e02300000,0x0000004e02400000] [id=7756]
  0x00000199654d3040 GCTaskThread "GC Thread#3" [stack: 0x0000004e02400000,0x0000004e02500000] [id=10808]

Threads with active compile tasks:
C2 CompilerThread0    48353 6837       4       java.util.AbstractList::iterator (9 bytes)
C2 CompilerThread1    48353 6747       4       org.apache.felix.resolver.ResolverImpl::mergeUses (495 bytes)

VM state: not at safepoint (normal execution)

VM Mutex/Monitor currently owned by a thread: None

Heap address: 0x00000000c0000000, size: 1024 MB, Compressed Oops mode: 32-bit

CDS archive(s) not mapped
Compressed class space mapped at: 0x0000000100000000-0x0000000140000000, reserved size: 1073741824
Narrow klass base: 0x0000000000000000, Narrow klass shift: 3, Narrow klass range: 0x140000000

GC Precious Log:
 CPUs: 4 total, 4 available
 Memory: 12014M
 Large Page Support: Disabled
 NUMA Support: Disabled
 Compressed Oops: Enabled (32-bit)
 Alignments: Space 512K, Generation 512K, Heap 2M
 Heap Min Capacity: 100M
 Heap Initial Capacity: 100M
 Heap Max Capacity: 1G
 Pre-touch: Disabled
 Parallel Workers: 4

Heap:
 PSYoungGen      total 23040K, used 13470K [0x00000000eab00000, 0x00000000ec500000, 0x0000000100000000)
  eden space 21504K, 55% used [0x00000000eab00000,0x00000000eb6ba4e0,0x00000000ec000000)
  from space 1536K, 95% used [0x00000000ec000000,0x00000000ec16d5e0,0x00000000ec180000)
  to   space 2560K, 0% used [0x00000000ec280000,0x00000000ec280000,0x00000000ec500000)
 ParOldGen       total 68608K, used 24118K [0x00000000c0000000, 0x00000000c4300000, 0x00000000eab00000)
  object space 68608K, 35% used [0x00000000c0000000,0x00000000c178db08,0x00000000c4300000)
 Metaspace       used 55485K, committed 56576K, reserved 1114112K
  class space    used 6075K, committed 6592K, reserved 1048576K

Card table byte_map: [0x000001994b5d0000,0x000001994b7e0000] _byte_map_base: 0x000001994afd0000

Marking Bits: (ParMarkBitMap*) 0x00007ffcee65d7d0
 Begin Bits: [0x000001995d8b0000, 0x000001995e8b0000)
 End Bits:   [0x000001995e8b0000, 0x000001995f8b0000)

Polling page: 0x0000019949a50000

Metaspace:

Usage:
  Non-class:     48.25 MB used.
      Class:      5.93 MB used.
       Both:     54.19 MB used.

Virtual space:
  Non-class space:       64.00 MB reserved,      48.81 MB ( 76%) committed,  1 nodes.
      Class space:        1.00 GB reserved,       6.44 MB ( <1%) committed,  1 nodes.
             Both:        1.06 GB reserved,      55.25 MB (  5%) committed. 

Chunk freelists:
   Non-Class:  14.88 MB
       Class:  9.57 MB
        Both:  24.44 MB

MaxMetaspaceSize: unlimited
CompressedClassSpaceSize: 1.00 GB
Initial GC threshold: 21.00 MB
Current GC threshold: 58.38 MB
CDS: off
MetaspaceReclaimPolicy: balanced
 - commit_granule_bytes: 65536.
 - commit_granule_words: 8192.
 - virtual_space_node_default_size: 8388608.
 - enlarge_chunks_in_place: 1.
 - new_chunks_are_fully_committed: 0.
 - uncommit_free_chunks: 1.
 - use_allocation_guard: 0.
 - handle_deallocations: 1.


Internal statistics:

num_allocs_failed_limit: 6.
num_arena_births: 714.
num_arena_deaths: 14.
num_vsnodes_births: 2.
num_vsnodes_deaths: 0.
num_space_committed: 884.
num_space_uncommitted: 0.
num_chunks_returned_to_freelist: 20.
num_chunks_taken_from_freelist: 2710.
num_chunk_merges: 10.
num_chunk_splits: 1681.
num_chunks_enlarged: 979.
num_inconsistent_stats: 0.

CodeHeap 'non-profiled nmethods': size=120000Kb used=3402Kb max_used=3402Kb free=116597Kb
 bounds [0x0000019956380000, 0x00000199566e0000, 0x000001995d8b0000]
CodeHeap 'profiled nmethods': size=120000Kb used=12924Kb max_used=12924Kb free=107075Kb
 bounds [0x000001994e8b0000, 0x000001994f560000, 0x0000019955de0000]
CodeHeap 'non-nmethods': size=5760Kb used=1334Kb max_used=1368Kb free=4425Kb
 bounds [0x0000019955de0000, 0x0000019956050000, 0x0000019956380000]
 total_blobs=6707 nmethods=6054 adapters=567
 compilation: enabled
              stopped_count=0, restarted_count=0
 full_count=0

Compilation events (20 events):
Event: 48.263 Thread 0x000001995fa94bd0 6818       4       java.nio.ByteBuffer::array (35 bytes)
Event: 48.264 Thread 0x000001995fa94bd0 nmethod 6818 0x00000199566d1610 code [0x00000199566d1780, 0x00000199566d1838]
Event: 48.264 Thread 0x000001995fa94bd0 6816       4       jdk.internal.util.Preconditions::checkFromIndexSize (25 bytes)
Event: 48.265 Thread 0x000001995fa94bd0 nmethod 6816 0x00000199566d1910 code [0x00000199566d1a80, 0x00000199566d1b38]
Event: 48.265 Thread 0x000001995fa94bd0 6798       4       org.eclipse.osgi.container.ModuleWire::getRequirement (5 bytes)
Event: 48.265 Thread 0x000001995faaea60 6831       3       com.sun.org.apache.xerces.internal.utils.XMLSecurityManager::<init> (149 bytes)
Event: 48.265 Thread 0x000001995fa94bd0 nmethod 6798 0x00000199566d1c10 code [0x00000199566d1d80, 0x00000199566d1df8]
Event: 48.265 Thread 0x000001995fa94bd0 6829       4       jdk.internal.misc.Unsafe::putIntRelease (9 bytes)
Event: 48.265 Thread 0x000001995fa94bd0 nmethod 6829 0x00000199566d1f10 code [0x00000199566d2080, 0x00000199566d2118]
Event: 48.265 Thread 0x000001995fa94bd0 6796       4       jdk.internal.misc.Unsafe::weakCompareAndSetReference (11 bytes)
Event: 48.266 Thread 0x000001995faaea60 nmethod 6831 0x000001994f54bf90 code [0x000001994f54c220, 0x000001994f54d2e8]
Event: 48.266 Thread 0x000001995faaea60 6832       3       com.sun.org.apache.xerces.internal.impl.XMLEntityManager::setScannerVersion (115 bytes)
Event: 48.266 Thread 0x000001995fa94bd0 nmethod 6796 0x00000199566d2210 code [0x00000199566d2380, 0x00000199566d2438]
Event: 48.267 Thread 0x000001995faaea60 nmethod 6832 0x000001994f54d810 code [0x000001994f54da20, 0x000001994f54e018]
Event: 48.267 Thread 0x000001995faaea60 6833       3       com.sun.org.apache.xerces.internal.parsers.AbstractSAXParser::endNamespaceMapping (47 bytes)
Event: 48.267 Thread 0x000001995faaea60 nmethod 6833 0x000001994f54e290 code [0x000001994f54e480, 0x000001994f54e948]
Event: 48.273 Thread 0x000001995faaea60 6834       3       java.util.Calendar::get (10 bytes)
Event: 48.273 Thread 0x000001995faaea60 nmethod 6834 0x000001994f54ec90 code [0x000001994f54ee40, 0x000001994f54f0a8]
Event: 48.279 Thread 0x000001995faaea60 6835       3       org.eclipse.osgi.container.ModuleResolver::isSingleton (48 bytes)
Event: 48.280 Thread 0x000001995faaea60 nmethod 6835 0x000001994f54f210 code [0x000001994f54f440, 0x000001994f54fbf8]

GC Heap History (20 events):
Event: 34.706 GC heap before
{Heap before GC invocations=12 (full 1):
 PSYoungGen      total 25088K, used 17941K [0x00000000eab00000, 0x00000000ec800000, 0x0000000100000000)
  eden space 23552K, 69% used [0x00000000eab00000,0x00000000ebb11280,0x00000000ec200000)
  from space 1536K, 96% used [0x00000000ec680000,0x00000000ec7f42f0,0x00000000ec800000)
  to   space 2560K, 0% used [0x00000000ec300000,0x00000000ec300000,0x00000000ec580000)
 ParOldGen       total 68608K, used 14467K [0x00000000c0000000, 0x00000000c4300000, 0x00000000eab00000)
  object space 68608K, 21% used [0x00000000c0000000,0x00000000c0e20c30,0x00000000c4300000)
 Metaspace       used 35150K, committed 35840K, reserved 1114112K
  class space    used 3563K, committed 3840K, reserved 1048576K
}
Event: 34.709 GC heap after
{Heap after GC invocations=12 (full 1):
 PSYoungGen      total 26112K, used 880K [0x00000000eab00000, 0x00000000ec700000, 0x0000000100000000)
  eden space 23552K, 0% used [0x00000000eab00000,0x00000000eab00000,0x00000000ec200000)
  from space 2560K, 34% used [0x00000000ec300000,0x00000000ec3dc020,0x00000000ec580000)
  to   space 1536K, 0% used [0x00000000ec580000,0x00000000ec580000,0x00000000ec700000)
 ParOldGen       total 68608K, used 15889K [0x00000000c0000000, 0x00000000c4300000, 0x00000000eab00000)
  object space 68608K, 23% used [0x00000000c0000000,0x00000000c0f84448,0x00000000c4300000)
 Metaspace       used 35150K, committed 35840K, reserved 1114112K
  class space    used 3563K, committed 3840K, reserved 1048576K
}
Event: 34.709 GC heap before
{Heap before GC invocations=13 (full 2):
 PSYoungGen      total 26112K, used 880K [0x00000000eab00000, 0x00000000ec700000, 0x0000000100000000)
  eden space 23552K, 0% used [0x00000000eab00000,0x00000000eab00000,0x00000000ec200000)
  from space 2560K, 34% used [0x00000000ec300000,0x00000000ec3dc020,0x00000000ec580000)
  to   space 1536K, 0% used [0x00000000ec580000,0x00000000ec580000,0x00000000ec700000)
 ParOldGen       total 68608K, used 15889K [0x00000000c0000000, 0x00000000c4300000, 0x00000000eab00000)
  object space 68608K, 23% used [0x00000000c0000000,0x00000000c0f84448,0x00000000c4300000)
 Metaspace       used 35150K, committed 35840K, reserved 1114112K
  class space    used 3563K, committed 3840K, reserved 1048576K
}
Event: 34.749 GC heap after
{Heap after GC invocations=13 (full 2):
 PSYoungGen      total 26112K, used 0K [0x00000000eab00000, 0x00000000ec700000, 0x0000000100000000)
  eden space 23552K, 0% used [0x00000000eab00000,0x00000000eab00000,0x00000000ec200000)
  from space 2560K, 0% used [0x00000000ec300000,0x00000000ec300000,0x00000000ec580000)
  to   space 1536K, 0% used [0x00000000ec580000,0x00000000ec580000,0x00000000ec700000)
 ParOldGen       total 68608K, used 13812K [0x00000000c0000000, 0x00000000c4300000, 0x00000000eab00000)
  object space 68608K, 20% used [0x00000000c0000000,0x00000000c0d7d060,0x00000000c4300000)
 Metaspace       used 35137K, committed 35840K, reserved 1114112K
  class space    used 3560K, committed 3840K, reserved 1048576K
}
Event: 35.099 GC heap before
{Heap before GC invocations=14 (full 2):
 PSYoungGen      total 26112K, used 23552K [0x00000000eab00000, 0x00000000ec700000, 0x0000000100000000)
  eden space 23552K, 100% used [0x00000000eab00000,0x00000000ec200000,0x00000000ec200000)
  from space 2560K, 0% used [0x00000000ec300000,0x00000000ec300000,0x00000000ec580000)
  to   space 1536K, 0% used [0x00000000ec580000,0x00000000ec580000,0x00000000ec700000)
 ParOldGen       total 68608K, used 13812K [0x00000000c0000000, 0x00000000c4300000, 0x00000000eab00000)
  object space 68608K, 20% used [0x00000000c0000000,0x00000000c0d7d060,0x00000000c4300000)
 Metaspace       used 36387K, committed 37248K, reserved 1114112K
  class space    used 3651K, committed 4032K, reserved 1048576K
}
Event: 35.102 GC heap after
{Heap after GC invocations=14 (full 2):
 PSYoungGen      total 24576K, used 1306K [0x00000000eab00000, 0x00000000ec700000, 0x0000000100000000)
  eden space 23040K, 0% used [0x00000000eab00000,0x00000000eab00000,0x00000000ec180000)
  from space 1536K, 85% used [0x00000000ec580000,0x00000000ec6c6ab0,0x00000000ec700000)
  to   space 1536K, 0% used [0x00000000ec400000,0x00000000ec400000,0x00000000ec580000)
 ParOldGen       total 68608K, used 15382K [0x00000000c0000000, 0x00000000c4300000, 0x00000000eab00000)
  object space 68608K, 22% used [0x00000000c0000000,0x00000000c0f05a80,0x00000000c4300000)
 Metaspace       used 36387K, committed 37248K, reserved 1114112K
  class space    used 3651K, committed 4032K, reserved 1048576K
}
Event: 37.362 GC heap before
{Heap before GC invocations=15 (full 2):
 PSYoungGen      total 24576K, used 24346K [0x00000000eab00000, 0x00000000ec700000, 0x0000000100000000)
  eden space 23040K, 99% used [0x00000000eab00000,0x00000000ec17ffe0,0x00000000ec180000)
  from space 1536K, 85% used [0x00000000ec580000,0x00000000ec6c6ab0,0x00000000ec700000)
  to   space 1536K, 0% used [0x00000000ec400000,0x00000000ec400000,0x00000000ec580000)
 ParOldGen       total 68608K, used 15382K [0x00000000c0000000, 0x00000000c4300000, 0x00000000eab00000)
  object space 68608K, 22% used [0x00000000c0000000,0x00000000c0f05a80,0x00000000c4300000)
 Metaspace       used 38909K, committed 39680K, reserved 1114112K
  class space    used 3933K, committed 4288K, reserved 1048576K
}
Event: 37.365 GC heap after
{Heap after GC invocations=15 (full 2):
 PSYoungGen      total 24064K, used 1252K [0x00000000eab00000, 0x00000000ec600000, 0x0000000100000000)
  eden space 22528K, 0% used [0x00000000eab00000,0x00000000eab00000,0x00000000ec100000)
  from space 1536K, 81% used [0x00000000ec400000,0x00000000ec539210,0x00000000ec580000)
  to   space 512K, 0% used [0x00000000ec580000,0x00000000ec580000,0x00000000ec600000)
 ParOldGen       total 68608K, used 16508K [0x00000000c0000000, 0x00000000c4300000, 0x00000000eab00000)
  object space 68608K, 24% used [0x00000000c0000000,0x00000000c101f268,0x00000000c4300000)
 Metaspace       used 38909K, committed 39680K, reserved 1114112K
  class space    used 3933K, committed 4288K, reserved 1048576K
}
Event: 37.937 GC heap before
{Heap before GC invocations=16 (full 2):
 PSYoungGen      total 24064K, used 23780K [0x00000000eab00000, 0x00000000ec600000, 0x0000000100000000)
  eden space 22528K, 100% used [0x00000000eab00000,0x00000000ec100000,0x00000000ec100000)
  from space 1536K, 81% used [0x00000000ec400000,0x00000000ec539210,0x00000000ec580000)
  to   space 512K, 0% used [0x00000000ec580000,0x00000000ec580000,0x00000000ec600000)
 ParOldGen       total 68608K, used 16508K [0x00000000c0000000, 0x00000000c4300000, 0x00000000eab00000)
  object space 68608K, 24% used [0x00000000c0000000,0x00000000c101f268,0x00000000c4300000)
 Metaspace       used 41381K, committed 42240K, reserved 1114112K
  class space    used 4261K, committed 4672K, reserved 1048576K
}
Event: 37.941 GC heap after
{Heap after GC invocations=16 (full 2):
 PSYoungGen      total 22528K, used 512K [0x00000000eab00000, 0x00000000ec600000, 0x0000000100000000)
  eden space 22016K, 0% used [0x00000000eab00000,0x00000000eab00000,0x00000000ec080000)
  from space 512K, 100% used [0x00000000ec580000,0x00000000ec600000,0x00000000ec600000)
  to   space 2560K, 0% used [0x00000000ec100000,0x00000000ec100000,0x00000000ec380000)
 ParOldGen       total 68608K, used 18054K [0x00000000c0000000, 0x00000000c4300000, 0x00000000eab00000)
  object space 68608K, 26% used [0x00000000c0000000,0x00000000c11a1928,0x00000000c4300000)
 Metaspace       used 41381K, committed 42240K, reserved 1114112K
  class space    used 4261K, committed 4672K, reserved 1048576K
}
Event: 39.519 GC heap before
{Heap before GC invocations=17 (full 2):
 PSYoungGen      total 22528K, used 22528K [0x00000000eab00000, 0x00000000ec600000, 0x0000000100000000)
  eden space 22016K, 100% used [0x00000000eab00000,0x00000000ec080000,0x00000000ec080000)
  from space 512K, 100% used [0x00000000ec580000,0x00000000ec600000,0x00000000ec600000)
  to   space 2560K, 0% used [0x00000000ec100000,0x00000000ec100000,0x00000000ec380000)
 ParOldGen       total 68608K, used 18054K [0x00000000c0000000, 0x00000000c4300000, 0x00000000eab00000)
  object space 68608K, 26% used [0x00000000c0000000,0x00000000c11a1928,0x00000000c4300000)
 Metaspace       used 44325K, committed 45248K, reserved 1114112K
  class space    used 4637K, committed 5056K, reserved 1048576K
}
Event: 39.521 GC heap after
{Heap after GC invocations=17 (full 2):
 PSYoungGen      total 24576K, used 1201K [0x00000000eab00000, 0x00000000ec600000, 0x0000000100000000)
  eden space 22016K, 0% used [0x00000000eab00000,0x00000000eab00000,0x00000000ec080000)
  from space 2560K, 46% used [0x00000000ec100000,0x00000000ec22c780,0x00000000ec380000)
  to   space 1536K, 0% used [0x00000000ec480000,0x00000000ec480000,0x00000000ec600000)
 ParOldGen       total 68608K, used 18566K [0x00000000c0000000, 0x00000000c4300000, 0x00000000eab00000)
  object space 68608K, 27% used [0x00000000c0000000,0x00000000c1221928,0x00000000c4300000)
 Metaspace       used 44325K, committed 45248K, reserved 1114112K
  class space    used 4637K, committed 5056K, reserved 1048576K
}
Event: 40.652 GC heap before
{Heap before GC invocations=18 (full 2):
 PSYoungGen      total 24576K, used 23217K [0x00000000eab00000, 0x00000000ec600000, 0x0000000100000000)
  eden space 22016K, 100% used [0x00000000eab00000,0x00000000ec080000,0x00000000ec080000)
  from space 2560K, 46% used [0x00000000ec100000,0x00000000ec22c780,0x00000000ec380000)
  to   space 1536K, 0% used [0x00000000ec480000,0x00000000ec480000,0x00000000ec600000)
 ParOldGen       total 68608K, used 18566K [0x00000000c0000000, 0x00000000c4300000, 0x00000000eab00000)
  object space 68608K, 27% used [0x00000000c0000000,0x00000000c1221928,0x00000000c4300000)
 Metaspace       used 47263K, committed 48256K, reserved 1114112K
  class space    used 5006K, committed 5440K, reserved 1048576K
}
Event: 40.655 GC heap after
{Heap after GC invocations=18 (full 2):
 PSYoungGen      total 23552K, used 1306K [0x00000000eab00000, 0x00000000ec600000, 0x0000000100000000)
  eden space 22016K, 0% used [0x00000000eab00000,0x00000000eab00000,0x00000000ec080000)
  from space 1536K, 85% used [0x00000000ec480000,0x00000000ec5c68a8,0x00000000ec600000)
  to   space 1536K, 0% used [0x00000000ec300000,0x00000000ec300000,0x00000000ec480000)
 ParOldGen       total 68608K, used 19646K [0x00000000c0000000, 0x00000000c4300000, 0x00000000eab00000)
  object space 68608K, 28% used [0x00000000c0000000,0x00000000c132f878,0x00000000c4300000)
 Metaspace       used 47263K, committed 48256K, reserved 1114112K
  class space    used 5006K, committed 5440K, reserved 1048576K
}
Event: 41.498 GC heap before
{Heap before GC invocations=19 (full 2):
 PSYoungGen      total 23552K, used 23322K [0x00000000eab00000, 0x00000000ec600000, 0x0000000100000000)
  eden space 22016K, 100% used [0x00000000eab00000,0x00000000ec080000,0x00000000ec080000)
  from space 1536K, 85% used [0x00000000ec480000,0x00000000ec5c68a8,0x00000000ec600000)
  to   space 1536K, 0% used [0x00000000ec300000,0x00000000ec300000,0x00000000ec480000)
 ParOldGen       total 68608K, used 19646K [0x00000000c0000000, 0x00000000c4300000, 0x00000000eab00000)
  object space 68608K, 28% used [0x00000000c0000000,0x00000000c132f878,0x00000000c4300000)
 Metaspace       used 49923K, committed 50944K, reserved 1114112K
  class space    used 5358K, committed 5824K, reserved 1048576K
}
Event: 41.501 GC heap after
{Heap after GC invocations=19 (full 2):
 PSYoungGen      total 23040K, used 960K [0x00000000eab00000, 0x00000000ec500000, 0x0000000100000000)
  eden space 22016K, 0% used [0x00000000eab00000,0x00000000eab00000,0x00000000ec080000)
  from space 1024K, 93% used [0x00000000ec300000,0x00000000ec3f0000,0x00000000ec400000)
  to   space 1024K, 0% used [0x00000000ec400000,0x00000000ec400000,0x00000000ec500000)
 ParOldGen       total 68608K, used 20885K [0x00000000c0000000, 0x00000000c4300000, 0x00000000eab00000)
  object space 68608K, 30% used [0x00000000c0000000,0x00000000c1465558,0x00000000c4300000)
 Metaspace       used 49923K, committed 50944K, reserved 1114112K
  class space    used 5358K, committed 5824K, reserved 1048576K
}
Event: 42.638 GC heap before
{Heap before GC invocations=20 (full 2):
 PSYoungGen      total 23040K, used 22976K [0x00000000eab00000, 0x00000000ec500000, 0x0000000100000000)
  eden space 22016K, 100% used [0x00000000eab00000,0x00000000ec080000,0x00000000ec080000)
  from space 1024K, 93% used [0x00000000ec300000,0x00000000ec3f0000,0x00000000ec400000)
  to   space 1024K, 0% used [0x00000000ec400000,0x00000000ec400000,0x00000000ec500000)
 ParOldGen       total 68608K, used 20885K [0x00000000c0000000, 0x00000000c4300000, 0x00000000eab00000)
  object space 68608K, 30% used [0x00000000c0000000,0x00000000c1465558,0x00000000c4300000)
 Metaspace       used 52775K, committed 53760K, reserved 1114112K
  class space    used 5701K, committed 6144K, reserved 1048576K
}
Event: 42.642 GC heap after
{Heap after GC invocations=20 (full 2):
 PSYoungGen      total 22528K, used 1005K [0x00000000eab00000, 0x00000000ec880000, 0x0000000100000000)
  eden space 21504K, 0% used [0x00000000eab00000,0x00000000eab00000,0x00000000ec000000)
  from space 1024K, 98% used [0x00000000ec400000,0x00000000ec4fb668,0x00000000ec500000)
  to   space 4096K, 0% used [0x00000000ec000000,0x00000000ec000000,0x00000000ec400000)
 ParOldGen       total 68608K, used 23106K [0x00000000c0000000, 0x00000000c4300000, 0x00000000eab00000)
  object space 68608K, 33% used [0x00000000c0000000,0x00000000c1690b98,0x00000000c4300000)
 Metaspace       used 52775K, committed 53760K, reserved 1114112K
  class space    used 5701K, committed 6144K, reserved 1048576K
}
Event: 47.561 GC heap before
{Heap before GC invocations=21 (full 2):
 PSYoungGen      total 22528K, used 22509K [0x00000000eab00000, 0x00000000ec880000, 0x0000000100000000)
  eden space 21504K, 100% used [0x00000000eab00000,0x00000000ec000000,0x00000000ec000000)
  from space 1024K, 98% used [0x00000000ec400000,0x00000000ec4fb668,0x00000000ec500000)
  to   space 4096K, 0% used [0x00000000ec000000,0x00000000ec000000,0x00000000ec400000)
 ParOldGen       total 68608K, used 23106K [0x00000000c0000000, 0x00000000c4300000, 0x00000000eab00000)
  object space 68608K, 33% used [0x00000000c0000000,0x00000000c1690b98,0x00000000c4300000)
 Metaspace       used 55301K, committed 56320K, reserved 1114112K
  class space    used 6050K, committed 6528K, reserved 1048576K
}
Event: 47.563 GC heap after
{Heap after GC invocations=21 (full 2):
 PSYoungGen      total 23040K, used 1461K [0x00000000eab00000, 0x00000000ec500000, 0x0000000100000000)
  eden space 21504K, 0% used [0x00000000eab00000,0x00000000eab00000,0x00000000ec000000)
  from space 1536K, 95% used [0x00000000ec000000,0x00000000ec16d5e0,0x00000000ec180000)
  to   space 2560K, 0% used [0x00000000ec280000,0x00000000ec280000,0x00000000ec500000)
 ParOldGen       total 68608K, used 24118K [0x00000000c0000000, 0x00000000c4300000, 0x00000000eab00000)
  object space 68608K, 35% used [0x00000000c0000000,0x00000000c178db08,0x00000000c4300000)
 Metaspace       used 55301K, committed 56320K, reserved 1114112K
  class space    used 6050K, committed 6528K, reserved 1048576K
}

Dll operation events (12 events):
Event: 0.020 Loaded shared library c:\Users\WWW\.vscode\extensions\redhat.java-1.28.1-win32-x64\jre\17.0.10-win32-x86_64\bin\java.dll
Event: 0.621 Loaded shared library c:\Users\WWW\.vscode\extensions\redhat.java-1.28.1-win32-x64\jre\17.0.10-win32-x86_64\bin\zip.dll
Event: 0.625 Loaded shared library C:\Users\WWW\.vscode\extensions\redhat.java-1.28.1-win32-x64\jre\17.0.10-win32-x86_64\bin\instrument.dll
Event: 0.640 Loaded shared library C:\Users\WWW\.vscode\extensions\redhat.java-1.28.1-win32-x64\jre\17.0.10-win32-x86_64\bin\net.dll
Event: 0.644 Loaded shared library C:\Users\WWW\.vscode\extensions\redhat.java-1.28.1-win32-x64\jre\17.0.10-win32-x86_64\bin\nio.dll
Event: 0.666 Loaded shared library C:\Users\WWW\.vscode\extensions\redhat.java-1.28.1-win32-x64\jre\17.0.10-win32-x86_64\bin\zip.dll
Event: 0.690 Loaded shared library C:\Users\WWW\.vscode\extensions\redhat.java-1.28.1-win32-x64\jre\17.0.10-win32-x86_64\bin\jimage.dll
Event: 0.890 Loaded shared library c:\Users\WWW\.vscode\extensions\redhat.java-1.28.1-win32-x64\jre\17.0.10-win32-x86_64\bin\verify.dll
Event: 16.186 Loaded shared library C:\Users\WWW\AppData\Roaming\Code\User\globalStorage\redhat.java\1.28.1\config_win\org.eclipse.equinox.launcher\org.eclipse.equinox.launcher.win32.win32.x86_64_1.2.900.v20240129-1338\eclipse_11900.dll
Event: 39.969 Loaded shared library C:\Users\WWW\AppData\Local\Temp\jna-86391\jna3643322154725305030.dll
Event: 41.874 Loaded shared library C:\Users\WWW\.vscode\extensions\redhat.java-1.28.1-win32-x64\jre\17.0.10-win32-x86_64\bin\sunmscapi.dll
Event: 45.703 Loaded shared library C:\Users\WWW\.vscode\extensions\redhat.java-1.28.1-win32-x64\jre\17.0.10-win32-x86_64\bin\extnet.dll

Deoptimization events (20 events):
Event: 47.349 Thread 0x0000019966aaf2f0 DEOPT PACKING pc=0x000001995644ac8c sp=0x0000004e035fd1d0
Event: 47.349 Thread 0x0000019966aaf2f0 DEOPT UNPACKING pc=0x0000019955e39ea3 sp=0x0000004e035fd168 mode 2
Event: 47.349 Thread 0x0000019966aaf2f0 Uncommon trap: trap_request=0xffffffbe fr.pc=0x000001995644ac8c relative=0x00000000000008ec
Event: 47.349 Thread 0x0000019966aaf2f0 Uncommon trap: reason=profile_predicate action=maybe_recompile pc=0x000001995644ac8c method=org.apache.felix.resolver.util.OpenHashMap.getOrCompute(Ljava/lang/Object;)Ljava/lang/Object; @ 108 c2
Event: 47.349 Thread 0x0000019966aaf2f0 DEOPT PACKING pc=0x000001995644ac8c sp=0x0000004e035fd1d0
Event: 47.349 Thread 0x0000019966aaf2f0 DEOPT UNPACKING pc=0x0000019955e39ea3 sp=0x0000004e035fd168 mode 2
Event: 47.356 Thread 0x0000019965719420 Uncommon trap: trap_request=0xffffffbe fr.pc=0x000001995644ac8c relative=0x00000000000008ec
Event: 47.356 Thread 0x0000019965719420 Uncommon trap: reason=profile_predicate action=maybe_recompile pc=0x000001995644ac8c method=org.apache.felix.resolver.util.OpenHashMap.getOrCompute(Ljava/lang/Object;)Ljava/lang/Object; @ 108 c2
Event: 47.356 Thread 0x0000019965719420 DEOPT PACKING pc=0x000001995644ac8c sp=0x0000004e026fea30
Event: 47.356 Thread 0x0000019965719420 DEOPT UNPACKING pc=0x0000019955e39ea3 sp=0x0000004e026fe9c8 mode 2
Event: 47.483 Thread 0x0000019965719420 Uncommon trap: trap_request=0xffffff45 fr.pc=0x000001995665b8b8 relative=0x00000000000005d8
Event: 47.483 Thread 0x0000019965719420 Uncommon trap: reason=unstable_if action=reinterpret pc=0x000001995665b8b8 method=java.util.concurrent.locks.ReentrantReadWriteLock$Sync.tryAcquireShared(I)I @ 146 c2
Event: 47.483 Thread 0x0000019965719420 DEOPT PACKING pc=0x000001995665b8b8 sp=0x0000004e026ff0a0
Event: 47.483 Thread 0x0000019965719420 DEOPT UNPACKING pc=0x0000019955e39ea3 sp=0x0000004e026fef30 mode 2
Event: 47.483 Thread 0x0000019965719420 Uncommon trap: trap_request=0xffffff45 fr.pc=0x000001995654b6f8 relative=0x0000000000000158
Event: 47.487 Thread 0x0000019965719420 Uncommon trap: reason=unstable_if action=reinterpret pc=0x000001995654b6f8 method=java.util.concurrent.locks.ReentrantReadWriteLock$Sync.tryReleaseShared(I)Z @ 82 c2
Event: 47.487 Thread 0x0000019965719420 DEOPT PACKING pc=0x000001995654b6f8 sp=0x0000004e026ff070
Event: 47.487 Thread 0x0000019965719420 DEOPT UNPACKING pc=0x0000019955e39ea3 sp=0x0000004e026feff0 mode 2
Event: 48.179 Thread 0x0000019965719420 DEOPT PACKING pc=0x000001994ecc9205 sp=0x0000004e026fe100
Event: 48.179 Thread 0x0000019965719420 DEOPT UNPACKING pc=0x0000019955e3a9e3 sp=0x0000004e026fd628 mode 0

Classes unloaded (7 events):
Event: 34.716 Thread 0x000001995fa3ca20 Unloading class 0x000000010023c000 'java/lang/invoke/LambdaForm$MH+0x000000010023c000'
Event: 34.716 Thread 0x000001995fa3ca20 Unloading class 0x000000010023bc00 'java/lang/invoke/LambdaForm$MH+0x000000010023bc00'
Event: 34.716 Thread 0x000001995fa3ca20 Unloading class 0x000000010023b800 'java/lang/invoke/LambdaForm$MH+0x000000010023b800'
Event: 34.716 Thread 0x000001995fa3ca20 Unloading class 0x000000010023b400 'java/lang/invoke/LambdaForm$MH+0x000000010023b400'
Event: 34.716 Thread 0x000001995fa3ca20 Unloading class 0x000000010023b000 'java/lang/invoke/LambdaForm$BMH+0x000000010023b000'
Event: 34.716 Thread 0x000001995fa3ca20 Unloading class 0x000000010023ac00 'java/lang/invoke/LambdaForm$DMH+0x000000010023ac00'
Event: 34.716 Thread 0x000001995fa3ca20 Unloading class 0x0000000100238400 'java/lang/invoke/LambdaForm$DMH+0x0000000100238400'

Classes redefined (0 events):
No events

Internal exceptions (20 events):
Event: 39.564 Thread 0x000001996568c450 Implicit null exception at 0x00000199564daeaf to 0x00000199564db03c
Event: 39.564 Thread 0x000001996568c450 Implicit null exception at 0x0000019956407a09 to 0x0000019956408da4
Event: 39.569 Thread 0x000001996568c450 Exception <a 'java/lang/NoSuchMethodError'{0x00000000eac9d9e0}: 'java.lang.Object java.lang.invoke.Invokers$Holder.invokeExact_MT(java.lang.Object, int, java.lang.Object)'> (0x00000000eac9d9e0) 
thrown [s\src\hotspot\share\interpreter\linkResolver.cpp, line 759]
Event: 39.582 Thread 0x000001996568c450 Exception <a 'java/lang/NoSuchMethodError'{0x00000000ead29fe8}: 'int java.lang.invoke.DirectMethodHandle$Holder.invokeSpecial(java.lang.Object, java.lang.Object, java.lang.Object, java.lang.Object)'> (0x00000000ead29fe8) 
thrown [s\src\hotspot\share\interpreter\linkResolver.cpp, line 759]
Event: 39.996 Thread 0x0000019965719420 Exception <a 'java/lang/UnsatisfiedLinkError'{0x00000000eb3eff80}: The specified procedure could not be found.
> (0x00000000eb3eff80) 
thrown [s\src\hotspot\share\prims\jni.cpp, line 535]
Event: 39.999 Thread 0x0000019965719420 Exception <a 'java/io/FileNotFoundException'{0x00000000eb4170e8}> (0x00000000eb4170e8) 
thrown [s\src\hotspot\share\prims\jni.cpp, line 516]
Event: 40.073 Thread 0x0000019965719420 Exception <a 'java/io/FileNotFoundException'{0x00000000eb5c5a78}> (0x00000000eb5c5a78) 
thrown [s\src\hotspot\share\prims\jni.cpp, line 516]
Event: 40.082 Thread 0x0000019965719420 Exception <a 'java/lang/UnsatisfiedLinkError'{0x00000000eb6c6ae8}: The specified procedure could not be found.
> (0x00000000eb6c6ae8) 
thrown [s\src\hotspot\share\prims\jni.cpp, line 535]
Event: 40.235 Thread 0x000001994bc0fb70 Exception <a 'sun/nio/fs/WindowsException'{0x00000000eb995460}> (0x00000000eb995460) 
thrown [s\src\hotspot\share\prims\jni.cpp, line 516]
Event: 40.453 Thread 0x000001996568c450 Exception <a 'java/lang/NoClassDefFoundError'{0x00000000ebbdf618}: com/google/inject/servlet/ServletModuleTargetVisitor> (0x00000000ebbdf618) 
thrown [s\src\hotspot\share\classfile\systemDictionary.cpp, line 245]
Event: 40.590 Thread 0x000001994bc0fb70 Exception <a 'java/lang/NoSuchMethodError'{0x00000000ebfe3078}: 'java.lang.Object java.lang.invoke.DirectMethodHandle$Holder.invokeStatic(java.lang.Object, java.lang.Object, long, java.lang.Object)'> (0x00000000ebfe3078) 
thrown [s\src\hotspot\share\interpreter\linkResolver.cpp, line 759]
Event: 40.590 Thread 0x000001994bc0fb70 Exception <a 'java/lang/NoSuchMethodError'{0x00000000ebfe76c0}: 'java.lang.Object java.lang.invoke.DirectMethodHandle$Holder.invokeStaticInit(java.lang.Object, java.lang.Object, long, java.lang.Object)'> (0x00000000ebfe76c0) 
thrown [s\src\hotspot\share\interpreter\linkResolver.cpp, line 759]
Event: 40.591 Thread 0x000001994bc0fb70 Exception <a 'java/lang/NoSuchMethodError'{0x00000000ebfef1d8}: 'java.lang.Object java.lang.invoke.DirectMethodHandle$Holder.newInvokeSpecial(java.lang.Object, java.lang.Object, long)'> (0x00000000ebfef1d8) 
thrown [s\src\hotspot\share\interpreter\linkResolver.cpp, line 759]
Event: 40.801 Thread 0x000001994bc0fb70 Exception <a 'java/lang/NoSuchMethodError'{0x00000000eaee9278}: 'void java.lang.invoke.DirectMethodHandle$Holder.invokeStatic(java.lang.Object, java.lang.Object, java.lang.Object, java.lang.Object)'> (0x00000000eaee9278) 
thrown [s\src\hotspot\share\interpreter\linkResolver.cpp, line 759]
Event: 41.269 Thread 0x000001994bc0fb70 Exception <a 'java/lang/NoSuchMethodError'{0x00000000ebc7d818}: 'void java.lang.invoke.DirectMethodHandle$Holder.invokeSpecial(java.lang.Object, java.lang.Object, java.lang.Object, java.lang.Object, java.lang.Object, java.lang.Object)'> (0x00000000ebc7d818) 
thrown [s\src\hotspot\share\interpreter\linkResolver.cpp, line 759]
Event: 41.271 Thread 0x000001994bc0fb70 Exception <a 'java/lang/IncompatibleClassChangeError'{0x00000000ebc876c8}: Found class java.lang.Object, but interface was expected> (0x00000000ebc876c8) 
thrown [s\src\hotspot\share\interpreter\linkResolver.cpp, line 826]
Event: 41.811 Thread 0x0000019966aaf2f0 Exception <a 'java/io/FileNotFoundException'{0x00000000eb19da20}> (0x00000000eb19da20) 
thrown [s\src\hotspot\share\prims\jni.cpp, line 516]
Event: 41.931 Thread 0x000001996568b520 Exception <a 'java/lang/NoSuchMethodError'{0x00000000eb5bbea8}: 'int java.lang.invoke.DirectMethodHandle$Holder.invokeSpecialIFC(java.lang.Object, java.lang.Object, java.lang.Object, java.lang.Object)'> (0x00000000eb5bbea8) 
thrown [s\src\hotspot\share\interpreter\linkResolver.cpp, line 759]
Event: 41.931 Thread 0x0000019965688ca0 Exception <a 'sun/nio/fs/WindowsException'{0x00000000eb557128}> (0x00000000eb557128) 
thrown [s\src\hotspot\share\prims\jni.cpp, line 516]
Event: 46.889 Thread 0x0000019965688ca0 Implicit null exception at 0x00000199566672b8 to 0x0000019956667a58

VM Operations (20 events):
Event: 43.741 Executing VM operation: Cleanup
Event: 43.741 Executing VM operation: Cleanup done
Event: 44.753 Executing VM operation: Cleanup
Event: 44.753 Executing VM operation: Cleanup done
Event: 45.766 Executing VM operation: Cleanup
Event: 45.766 Executing VM operation: Cleanup done
Event: 45.956 Executing VM operation: HandshakeAllThreads
Event: 45.956 Executing VM operation: HandshakeAllThreads done
Event: 46.961 Executing VM operation: Cleanup
Event: 46.961 Executing VM operation: Cleanup done
Event: 47.008 Executing VM operation: HandshakeAllThreads
Event: 47.008 Executing VM operation: HandshakeAllThreads done
Event: 47.532 Executing VM operation: ParallelGCFailedAllocation
Event: 47.564 Executing VM operation: ParallelGCFailedAllocation done
Event: 47.853 Executing VM operation: HandshakeAllThreads
Event: 47.870 Executing VM operation: HandshakeAllThreads done
Event: 47.873 Executing VM operation: HandshakeAllThreads
Event: 47.930 Executing VM operation: HandshakeAllThreads done
Event: 47.930 Executing VM operation: HandshakeAllThreads
Event: 48.022 Executing VM operation: HandshakeAllThreads done

Events (20 events):
Event: 47.633 Thread 0x0000019966ab0220 Thread exited: 0x0000019966ab0220
Event: 47.851 loading class sun/net/www/HeaderParser
Event: 47.851 loading class sun/net/www/HeaderParser done
Event: 47.851 loading class sun/net/www/http/KeepAliveStream
Event: 47.852 loading class sun/net/www/http/Hurryable
Event: 47.852 loading class sun/net/www/http/Hurryable done
Event: 47.852 loading class sun/net/www/MeteredStream
Event: 47.852 loading class sun/net/www/MeteredStream done
Event: 47.870 loading class sun/net/www/http/KeepAliveStream done
Event: 47.872 loading class sun/net/www/http/KeepAliveStreamCleaner
Event: 47.872 loading class sun/net/www/http/KeepAliveStreamCleaner done
Event: 47.931 Thread 0x0000019964bfc0b0 flushing nmethod 0x00000199564e6910
Event: 47.936 Thread 0x0000019964bfc0b0 flushing nmethod 0x000001994ee7d110
Event: 48.023 loading class sun/net/www/http/KeepAliveStreamCleaner$1
Event: 48.023 loading class sun/net/www/http/KeepAliveStreamCleaner$1 done
Event: 48.023 loading class sun/net/www/http/KeepAliveStreamCleaner$2
Event: 48.023 loading class sun/net/www/http/KeepAliveStreamCleaner$2 done
Event: 48.023 loading class sun/net/www/protocol/http/HttpURLConnection$HttpInputStream
Event: 48.023 loading class sun/net/www/protocol/http/HttpURLConnection$HttpInputStream done
Event: 48.271 Thread 0x0000019966ab4900 Thread added: 0x0000019966ab4900


Dynamic libraries:
0x00007ff6bd590000 - 0x00007ff6bd59e000 	c:\Users\WWW\.vscode\extensions\redhat.java-1.28.1-win32-x64\jre\17.0.10-win32-x86_64\bin\java.exe
0x00007ffd36070000 - 0x00007ffd36268000 	C:\Windows\SYSTEM32\ntdll.dll
0x00007ffd356c0000 - 0x00007ffd3577d000 	C:\Windows\System32\KERNEL32.DLL
0x00007ffd33b50000 - 0x00007ffd33e46000 	C:\Windows\System32\KERNELBASE.dll
0x00007ffd33880000 - 0x00007ffd33980000 	C:\Windows\System32\ucrtbase.dll
0x00007ffd21070000 - 0x00007ffd21087000 	c:\Users\WWW\.vscode\extensions\redhat.java-1.28.1-win32-x64\jre\17.0.10-win32-x86_64\bin\jli.dll
0x00007ffd34260000 - 0x00007ffd343fe000 	C:\Windows\System32\USER32.dll
0x00007ffd33ee0000 - 0x00007ffd33f02000 	C:\Windows\System32\win32u.dll
0x00007ffd35fa0000 - 0x00007ffd35fcb000 	C:\Windows\System32\GDI32.dll
0x00007ffd33760000 - 0x00007ffd33877000 	C:\Windows\System32\gdi32full.dll
0x00007ffd33f10000 - 0x00007ffd33fad000 	C:\Windows\System32\msvcp_win.dll
0x00007ffd20b40000 - 0x00007ffd20b5b000 	c:\Users\WWW\.vscode\extensions\redhat.java-1.28.1-win32-x64\jre\17.0.10-win32-x86_64\bin\VCRUNTIME140.dll
0x00007ffd1f2a0000 - 0x00007ffd1f53a000 	C:\Windows\WinSxS\amd64_microsoft.windows.common-controls_6595b64144ccf1df_6.0.19041.3636_none_60b6a03d71f818d5\COMCTL32.dll
0x00007ffd35620000 - 0x00007ffd356be000 	C:\Windows\System32\msvcrt.dll
0x00007ffd35780000 - 0x00007ffd357b2000 	C:\Windows\System32\IMM32.DLL
0x00007ffd22460000 - 0x00007ffd2246c000 	c:\Users\WWW\.vscode\extensions\redhat.java-1.28.1-win32-x64\jre\17.0.10-win32-x86_64\bin\vcruntime140_1.dll
0x00007ffcefe10000 - 0x00007ffcefe9d000 	c:\Users\WWW\.vscode\extensions\redhat.java-1.28.1-win32-x64\jre\17.0.10-win32-x86_64\bin\msvcp140.dll
0x00007ffcedac0000 - 0x00007ffcee722000 	c:\Users\WWW\.vscode\extensions\redhat.java-1.28.1-win32-x64\jre\17.0.10-win32-x86_64\bin\server\jvm.dll
0x00007ffd35cd0000 - 0x00007ffd35d83000 	C:\Windows\System32\ADVAPI32.dll
0x00007ffd357c0000 - 0x00007ffd3585f000 	C:\Windows\System32\sechost.dll
0x00007ffd35e70000 - 0x00007ffd35f96000 	C:\Windows\System32\RPCRT4.dll
0x00007ffd33730000 - 0x00007ffd33757000 	C:\Windows\System32\bcrypt.dll
0x00007ffd32cd0000 - 0x00007ffd32d1b000 	C:\Windows\SYSTEM32\POWRPROF.dll
0x00007ffd185d0000 - 0x00007ffd185d9000 	C:\Windows\SYSTEM32\WSOCK32.dll
0x00007ffd35020000 - 0x00007ffd3508b000 	C:\Windows\System32\WS2_32.dll
0x00007ffd282b0000 - 0x00007ffd282d7000 	C:\Windows\SYSTEM32\WINMM.dll
0x00007ffd23d40000 - 0x00007ffd23d4a000 	C:\Windows\SYSTEM32\VERSION.dll
0x00007ffd32b40000 - 0x00007ffd32b52000 	C:\Windows\SYSTEM32\UMPDC.dll
0x00007ffd31610000 - 0x00007ffd31622000 	C:\Windows\SYSTEM32\kernel.appcore.dll
0x00007ffd210a0000 - 0x00007ffd210aa000 	c:\Users\WWW\.vscode\extensions\redhat.java-1.28.1-win32-x64\jre\17.0.10-win32-x86_64\bin\jimage.dll
0x00007ffd30ef0000 - 0x00007ffd310d4000 	C:\Windows\SYSTEM32\DBGHELP.DLL
0x00007ffd0ceb0000 - 0x00007ffd0cee4000 	C:\Windows\SYSTEM32\dbgcore.DLL
0x00007ffd33e50000 - 0x00007ffd33ed2000 	C:\Windows\System32\bcryptPrimitives.dll
0x00007ffd21040000 - 0x00007ffd2104e000 	c:\Users\WWW\.vscode\extensions\redhat.java-1.28.1-win32-x64\jre\17.0.10-win32-x86_64\bin\instrument.dll
0x00007ffcfa0e0000 - 0x00007ffcfa105000 	c:\Users\WWW\.vscode\extensions\redhat.java-1.28.1-win32-x64\jre\17.0.10-win32-x86_64\bin\java.dll
0x00007ffd1f640000 - 0x00007ffd1f658000 	c:\Users\WWW\.vscode\extensions\redhat.java-1.28.1-win32-x64\jre\17.0.10-win32-x86_64\bin\zip.dll
0x00007ffd34670000 - 0x00007ffd34db5000 	C:\Windows\System32\SHELL32.dll
0x00007ffd317a0000 - 0x00007ffd31f3c000 	C:\Windows\SYSTEM32\windows.storage.dll
0x00007ffd35090000 - 0x00007ffd353e4000 	C:\Windows\System32\combase.dll
0x00007ffd33160000 - 0x00007ffd3318e000 	C:\Windows\SYSTEM32\Wldp.dll
0x00007ffd344b0000 - 0x00007ffd3457d000 	C:\Windows\System32\OLEAUT32.dll
0x00007ffd35570000 - 0x00007ffd3561d000 	C:\Windows\System32\SHCORE.dll
0x00007ffd35fd0000 - 0x00007ffd36025000 	C:\Windows\System32\shlwapi.dll
0x00007ffd33660000 - 0x00007ffd33685000 	C:\Windows\SYSTEM32\profapi.dll
0x00007ffd1be60000 - 0x00007ffd1be79000 	C:\Users\WWW\.vscode\extensions\redhat.java-1.28.1-win32-x64\jre\17.0.10-win32-x86_64\bin\net.dll
0x00007ffd2d6b0000 - 0x00007ffd2d7ba000 	C:\Windows\SYSTEM32\WINHTTP.dll
0x00007ffd32ec0000 - 0x00007ffd32f2a000 	C:\Windows\system32\mswsock.dll
0x00007ffd0c480000 - 0x00007ffd0c496000 	C:\Users\WWW\.vscode\extensions\redhat.java-1.28.1-win32-x64\jre\17.0.10-win32-x86_64\bin\nio.dll
0x00007ffd20ff0000 - 0x00007ffd21000000 	c:\Users\WWW\.vscode\extensions\redhat.java-1.28.1-win32-x64\jre\17.0.10-win32-x86_64\bin\verify.dll
0x00007ffcf9b10000 - 0x00007ffcf9b4e000 	C:\Users\WWW\AppData\Roaming\Code\User\globalStorage\redhat.java\1.28.1\config_win\org.eclipse.equinox.launcher\org.eclipse.equinox.launcher.win32.win32.x86_64_1.2.900.v20240129-1338\eclipse_11900.dll
0x00007ffd34dd0000 - 0x00007ffd34efb000 	C:\Windows\System32\ole32.dll
0x00007ffd330b0000 - 0x00007ffd330c8000 	C:\Windows\SYSTEM32\CRYPTSP.dll
0x00007ffd32760000 - 0x00007ffd32794000 	C:\Windows\system32\rsaenh.dll
0x00007ffd335e0000 - 0x00007ffd3360e000 	C:\Windows\SYSTEM32\USERENV.dll
0x00007ffd330d0000 - 0x00007ffd330dc000 	C:\Windows\SYSTEM32\CRYPTBASE.dll
0x00007ffd32b60000 - 0x00007ffd32b9b000 	C:\Windows\SYSTEM32\IPHLPAPI.DLL
0x00007ffd354e0000 - 0x00007ffd354e8000 	C:\Windows\System32\NSI.dll
0x00007ffd22c10000 - 0x00007ffd22c27000 	C:\Windows\SYSTEM32\dhcpcsvc6.DLL
0x00007ffd22e80000 - 0x00007ffd22e9d000 	C:\Windows\SYSTEM32\dhcpcsvc.DLL
0x00007ffd32ba0000 - 0x00007ffd32c6b000 	C:\Windows\SYSTEM32\DNSAPI.dll
0x00007ffcf1df0000 - 0x00007ffcf1e35000 	C:\Users\WWW\AppData\Local\Temp\jna-86391\jna3643322154725305030.dll
0x00007ffd34660000 - 0x00007ffd34668000 	C:\Windows\System32\PSAPI.DLL
0x00007ffd1ee40000 - 0x00007ffd1ee4e000 	C:\Users\WWW\.vscode\extensions\redhat.java-1.28.1-win32-x64\jre\17.0.10-win32-x86_64\bin\sunmscapi.dll
0x00007ffd33980000 - 0x00007ffd33add000 	C:\Windows\System32\CRYPT32.dll
0x00007ffd331d0000 - 0x00007ffd331f8000 	C:\Windows\SYSTEM32\ncrypt.dll
0x00007ffd33190000 - 0x00007ffd331cb000 	C:\Windows\SYSTEM32\NTASN1.dll
0x00007ffd2a690000 - 0x00007ffd2a69a000 	C:\Windows\System32\rasadhlp.dll
0x00007ffd22930000 - 0x00007ffd229b0000 	C:\Windows\System32\fwpuclnt.dll
0x00007ffd1e9c0000 - 0x00007ffd1e9c9000 	C:\Users\WWW\.vscode\extensions\redhat.java-1.28.1-win32-x64\jre\17.0.10-win32-x86_64\bin\extnet.dll

dbghelp: loaded successfully - version: 4.0.5 - missing functions: none
symbol engine: initialized successfully - sym options: 0x614 - pdb path: .;c:\Users\WWW\.vscode\extensions\redhat.java-1.28.1-win32-x64\jre\17.0.10-win32-x86_64\bin;C:\Windows\SYSTEM32;C:\Windows\WinSxS\amd64_microsoft.windows.common-controls_6595b64144ccf1df_6.0.19041.3636_none_60b6a03d71f818d5;c:\Users\WWW\.vscode\extensions\redhat.java-1.28.1-win32-x64\jre\17.0.10-win32-x86_64\bin\server;C:\Users\WWW\AppData\Roaming\Code\User\globalStorage\redhat.java\1.28.1\config_win\org.eclipse.equinox.launcher\org.eclipse.equinox.launcher.win32.win32.x86_64_1.2.900.v20240129-1338;C:\Users\WWW\AppData\Local\Temp\jna-86391

VM Arguments:
jvm_args: --add-modules=ALL-SYSTEM --add-opens=java.base/java.util=ALL-UNNAMED --add-opens=java.base/java.lang=ALL-UNNAMED --add-opens=java.base/sun.nio.fs=ALL-UNNAMED -Declipse.application=org.eclipse.jdt.ls.core.id1 -Dosgi.bundles.defaultStartLevel=4 -Declipse.product=org.eclipse.jdt.ls.core.product -Djava.import.generatesMetadataFilesAtProjectRoot=false -DDetectVMInstallationsJob.disabled=true -Dfile.encoding=utf8 -XX:+UseParallelGC -XX:GCTimeRatio=4 -XX:AdaptiveSizePolicyWeight=90 -Dsun.zip.disableMemoryMapping=true -Xmx1G -Xms100m -Xlog:disable -javaagent:c:\Users\WWW\.vscode\extensions\redhat.java-1.28.1-win32-x64\lombok\lombok-1.18.31.jar -XX:+HeapDumpOnOutOfMemoryError -XX:HeapDumpPath=c:\Users\WWW\AppData\Roaming\Code\User\workspaceStorage\25c52656fe235033c3891bf73b138fd1\redhat.java -Daether.dependencyCollector.impl=bf 
java_command: c:\Users\WWW\.vscode\extensions\redhat.java-1.28.1-win32-x64\server\plugins\org.eclipse.equinox.launcher_1.6.700.v20231214-2017.jar -configuration c:\Users\WWW\AppData\Roaming\Code\User\globalStorage\redhat.java\1.28.1\config_win -data c:\Users\WWW\AppData\Roaming\Code\User\workspaceStorage\25c52656fe235033c3891bf73b138fd1\redhat.java\jdt_ws --stdio
java_class_path (initial): c:\Users\WWW\.vscode\extensions\redhat.java-1.28.1-win32-x64\server\plugins\org.eclipse.equinox.launcher_1.6.700.v20231214-2017.jar
Launcher Type: SUN_STANDARD

[Global flags]
    uintx AdaptiveSizePolicyWeight                 = 90                                        {product} {command line}
     intx CICompilerCount                          = 3                                         {product} {ergonomic}
    uintx GCTimeRatio                              = 4                                         {product} {command line}
     bool HeapDumpOnOutOfMemoryError               = true                                   {manageable} {command line}
    ccstr HeapDumpPath                             = c:\Users\WWW\AppData\Roaming\Code\User\workspaceStorage\25c52656fe235033c3891bf73b138fd1\redhat.java         {manageable} {command line}
   size_t InitialHeapSize                          = 104857600                                 {product} {command line}
   size_t MaxHeapSize                              = 1073741824                                {product} {command line}
   size_t MaxNewSize                               = 357564416                                 {product} {ergonomic}
   size_t MinHeapDeltaBytes                        = 524288                                    {product} {ergonomic}
   size_t MinHeapSize                              = 104857600                                 {product} {command line}
   size_t NewSize                                  = 34603008                                  {product} {ergonomic}
    uintx NonNMethodCodeHeapSize                   = 5832780                                {pd product} {ergonomic}
    uintx NonProfiledCodeHeapSize                  = 122912730                              {pd product} {ergonomic}
   size_t OldSize                                  = 70254592                                  {product} {ergonomic}
    uintx ProfiledCodeHeapSize                     = 122912730                              {pd product} {ergonomic}
    uintx ReservedCodeCacheSize                    = 251658240                              {pd product} {ergonomic}
     bool SegmentedCodeCache                       = true                                      {product} {ergonomic}
   size_t SoftMaxHeapSize                          = 1073741824                             {manageable} {ergonomic}
     bool UseCompressedClassPointers               = true                           {product lp64_product} {ergonomic}
     bool UseCompressedOops                        = true                           {product lp64_product} {ergonomic}
     bool UseLargePagesIndividualAllocation        = false                                  {pd product} {ergonomic}
     bool UseParallelGC                            = true                                      {product} {command line}

Logging:
Log output configuration:
 #0: stdout all=off uptime,level,tags
 #1: stderr all=off uptime,level,tags

Environment Variables:
JAVA_HOME=C:\Program Files\Java\jdk-21
PATH=C:\Program Files\Common Files\Oracle\Java\javapath;C:\Windows\system32;C:\Windows;C:\Windows\System32\Wbem;C:\Windows\System32\WindowsPowerShell\v1.0\;C:\Windows\System32\OpenSSH\;C:\Program Files\Git\cmd;F:\xampp\php;C:\Program Files\Java\jdk-21\bin;C:\MinGW\bin;C:\Program Files\nodejs\;C:\Users\WWW\AppData\Local\Programs\Python\Python312\Scripts\;C:\Users\WWW\AppData\Local\Programs\Python\Python312\;C:\Users\WWW\AppData\Local\Microsoft\WindowsApps;C:\Users\WWW\AppData\Local\Programs\Microsoft VS Code\bin;C:\Users\WWW\AppData\Roaming\Composer\vendor\bin;C:\Users\WWW\AppData\Roaming\npm;C:\Users\WWW\AppData\Local\Programs\Python\Python312\python.exe;
USERNAME=WWW
OS=Windows_NT
PROCESSOR_IDENTIFIER=Intel64 Family 6 Model 140 Stepping 1, GenuineIntel
TMP=C:\Users\WWW\AppData\Local\Temp
TEMP=C:\Users\WWW\AppData\Local\Temp



Periodic native trim disabled


---------------  S Y S T E M  ---------------

OS:
 Windows 10 , 64 bit Build 19041 (10.0.19041.3636)
OS uptime: 1 days 12:07 hours
Hyper-V role detected

CPU: total 4 (initial active 4) (2 cores per cpu, 2 threads per core) family 6 model 140 stepping 1 microcode 0xb4, cx8, cmov, fxsr, ht, mmx, 3dnowpref, sse, sse2, sse3, ssse3, sse4.1, sse4.2, popcnt, lzcnt, tsc, tscinvbit, avx, avx2, aes, erms, clmul, bmi1, bmi2, adx, avx512f, avx512dq, avx512cd, avx512bw, avx512vl, sha, fma, vzeroupper, avx512_vpopcntdq, avx512_vpclmulqdq, avx512_vaes, avx512_vnni, clflush, clflushopt, clwb, avx512_vbmi2, avx512_vbmi, hv
Processor Information for all 4 processors :
  Max Mhz: 2995, Current Mhz: 2995, Mhz Limit: 2995

Memory: 4k page, system-wide physical 12014M (554M free)
TotalPageFile size 16991M (AvailPageFile size 5M)
current process WorkingSet (physical memory assigned to process): 216M, peak: 222M
current process commit charge ("private bytes"): 292M, peak: 296M

vm_info: OpenJDK 64-Bit Server VM (17.0.10+7) for windows-amd64 JRE (17.0.10+7), built on Jan 16 2024 23:25:11 by "admin" with MS VC++ 16.10 / 16.11 (VS2019)

END.
