#
# There is insufficient memory for the Java Runtime Environment to continue.
# Native memory allocation (malloc) failed to allocate 32744 bytes for ChunkPool::allocate
# Possible reasons:
#   The system is out of physical RAM or swap space
#   The process is running with CompressedOops enabled, and the Java Heap may be blocking the growth of the native heap
# Possible solutions:
#   Reduce memory load on the system
#   Increase physical memory or swap space
#   Check if swap backing store is full
#   Decrease Java heap size (-Xmx/-Xms)
#   Decrease number of Java threads
#   Decrease Java thread stack sizes (-Xss)
#   Set larger code cache with -XX:ReservedCodeCacheSize=
#   JVM is running with Unscaled Compressed Oops mode in which the Java heap is
#     placed in the first 4GB address space. The Java Heap base address is the
#     maximum limit for the native heap growth. Please use -XX:HeapBaseMinAddress
#     to set the Java Heap base and to place the Java Heap above 4GB virtual address.
# This output file may be truncated or incomplete.
#
#  Out of Memory Error (arena.cpp:79), pid=15248, tid=13620
#
# JRE version: OpenJDK Runtime Environment Temurin-17.0.10+7 (17.0.10+7) (build 17.0.10+7)
# Java VM: OpenJDK 64-Bit Server VM Temurin-17.0.10+7 (17.0.10+7, mixed mode, tiered, compressed oops, compressed class ptrs, parallel gc, windows-amd64)
# No core dump will be written. Minidumps are not enabled by default on client versions of Windows
#

---------------  S U M M A R Y ------------

Command Line: --add-modules=ALL-SYSTEM --add-opens=java.base/java.util=ALL-UNNAMED --add-opens=java.base/java.lang=ALL-UNNAMED --add-opens=java.base/sun.nio.fs=ALL-UNNAMED -Declipse.application=org.eclipse.jdt.ls.core.id1 -Dosgi.bundles.defaultStartLevel=4 -Declipse.product=org.eclipse.jdt.ls.core.product -Djava.import.generatesMetadataFilesAtProjectRoot=false -DDetectVMInstallationsJob.disabled=true -Dfile.encoding=utf8 -XX:+UseParallelGC -XX:GCTimeRatio=4 -XX:AdaptiveSizePolicyWeight=90 -Dsun.zip.disableMemoryMapping=true -Xmx1G -Xms100m -Xlog:disable -javaagent:c:\Users\WWW\.vscode\extensions\redhat.java-1.28.1-win32-x64\lombok\lombok-1.18.31.jar c:\Users\WWW\.vscode\extensions\redhat.java-1.28.1-win32-x64\server\plugins\org.eclipse.equinox.launcher_1.6.700.v20231214-2017.jar -configuration c:\Users\WWW\AppData\Roaming\Code\User\globalStorage\redhat.java\1.28.1\config_ss_win -data c:\Users\WWW\AppData\Roaming\Code\User\workspaceStorage\25c52656fe235033c3891bf73b138fd1\redhat.java\ss_ws --stdio

Host: 11th Gen Intel(R) Core(TM) i3-1115G4 @ 3.00GHz, 4 cores, 11G,  Windows 10 , 64 bit Build 19041 (10.0.19041.3636)
Time: Sun Feb 25 20:54:44 2024 Sri Lanka Standard Time elapsed time: 6.587114 seconds (0d 0h 0m 6s)

---------------  T H R E A D  ---------------

Current thread (0x000001ab2c265010):  JavaThread "C2 CompilerThread0" daemon [_thread_in_native, id=13620, stack(0x00000040f1200000,0x00000040f1300000)]


Current CompileTask:
C2:   6587 1951       4       java.lang.System::getSecurityManager (12 bytes)

Stack: [0x00000040f1200000,0x00000040f1300000]
Native frames: (J=compiled Java code, j=interpreted, Vv=VM code, C=native code)
V  [jvm.dll+0x67d2c9]
V  [jvm.dll+0x834afa]
V  [jvm.dll+0x8365be]
V  [jvm.dll+0x836c23]
V  [jvm.dll+0x2477ff]
V  [jvm.dll+0xac711]
V  [jvm.dll+0xacb5c]
V  [jvm.dll+0x21ac2e]
V  [jvm.dll+0x218a1a]
V  [jvm.dll+0x1a502d]
V  [jvm.dll+0x2290de]
V  [jvm.dll+0x2272ac]
V  [jvm.dll+0x7e9bb7]
V  [jvm.dll+0x7e3fba]
V  [jvm.dll+0x67c1b5]
C  [ucrtbase.dll+0x21bb2]
C  [KERNEL32.DLL+0x17344]
C  [ntdll.dll+0x526b1]


---------------  P R O C E S S  ---------------

Threads class SMR info:
_java_thread_list=0x000001ab31a7bc20, length=18, elements={
0x000001ab183efe80, 0x000001ab184aa210, 0x000001ab184ae520, 0x000001ab2c25c670,
0x000001ab2c25f150, 0x000001ab2c261b30, 0x000001ab2c262400, 0x000001ab2c265010,
0x000001ab31469c90, 0x000001ab314701d0, 0x000001ab31504280, 0x000001ab3171afe0,
0x000001ab31e01410, 0x000001ab3234b9a0, 0x000001ab31bc9af0, 0x000001ab31fd9fc0,
0x000001ab32333c00, 0x000001ab3189fa80
}

Java Threads: ( => current thread )
  0x000001ab183efe80 JavaThread "main" [_thread_blocked, id=556, stack(0x00000040f0900000,0x00000040f0a00000)]
  0x000001ab184aa210 JavaThread "Reference Handler" daemon [_thread_blocked, id=16008, stack(0x00000040f0c00000,0x00000040f0d00000)]
  0x000001ab184ae520 JavaThread "Finalizer" daemon [_thread_blocked, id=15844, stack(0x00000040f0d00000,0x00000040f0e00000)]
  0x000001ab2c25c670 JavaThread "Signal Dispatcher" daemon [_thread_blocked, id=4676, stack(0x00000040f0e00000,0x00000040f0f00000)]
  0x000001ab2c25f150 JavaThread "Attach Listener" daemon [_thread_blocked, id=15852, stack(0x00000040f0f00000,0x00000040f1000000)]
  0x000001ab2c261b30 JavaThread "Service Thread" daemon [_thread_blocked, id=1144, stack(0x00000040f1000000,0x00000040f1100000)]
  0x000001ab2c262400 JavaThread "Monitor Deflation Thread" daemon [_thread_blocked, id=9196, stack(0x00000040f1100000,0x00000040f1200000)]
=>0x000001ab2c265010 JavaThread "C2 CompilerThread0" daemon [_thread_in_native, id=13620, stack(0x00000040f1200000,0x00000040f1300000)]
  0x000001ab31469c90 JavaThread "C1 CompilerThread0" daemon [_thread_in_native, id=4752, stack(0x00000040f1300000,0x00000040f1400000)]
  0x000001ab314701d0 JavaThread "Sweeper thread" daemon [_thread_blocked, id=13396, stack(0x00000040f1400000,0x00000040f1500000)]
  0x000001ab31504280 JavaThread "Common-Cleaner" daemon [_thread_blocked, id=9224, stack(0x00000040f1500000,0x00000040f1600000)]
  0x000001ab3171afe0 JavaThread "Notification Thread" daemon [_thread_blocked, id=7064, stack(0x00000040f1600000,0x00000040f1700000)]
  0x000001ab31e01410 JavaThread "Active Thread: Equinox Container: 5e27d6a2-2798-4b6b-8a90-5692d3f18336" [_thread_blocked, id=10324, stack(0x00000040f1c00000,0x00000040f1d00000)]
  0x000001ab3234b9a0 JavaThread "Framework Event Dispatcher: Equinox Container: 5e27d6a2-2798-4b6b-8a90-5692d3f18336" daemon [_thread_blocked, id=16300, stack(0x00000040f1d00000,0x00000040f1e00000)]
  0x000001ab31bc9af0 JavaThread "Start Level: Equinox Container: 5e27d6a2-2798-4b6b-8a90-5692d3f18336" daemon [_thread_in_vm, id=14836, stack(0x00000040f1e00000,0x00000040f1f00000)]
  0x000001ab31fd9fc0 JavaThread "SCR Component Actor" daemon [_thread_blocked, id=15188, stack(0x00000040f1b00000,0x00000040f1c00000)]
  0x000001ab32333c00 JavaThread "SCR Component Registry" daemon [_thread_blocked, id=11220, stack(0x00000040f1f00000,0x00000040f2000000)]
  0x000001ab3189fa80 JavaThread "Worker-JM" [_thread_new, id=16468, stack(0x0000000000000000,0x0000000000000000)]

Other Threads:
  0x000001ab2c226250 VMThread "VM Thread" [stack: 0x00000040f0b00000,0x00000040f0c00000] [id=8540]
  0x000001ab3171b4c0 WatcherThread [stack: 0x00000040f1700000,0x00000040f1800000] [id=11484]
  0x000001ab18404730 GCTaskThread "GC Thread#0" [stack: 0x00000040f0a00000,0x00000040f0b00000] [id=1828]
  0x000001ab31d56360 GCTaskThread "GC Thread#1" [stack: 0x00000040f1800000,0x00000040f1900000] [id=768]
  0x000001ab31c70040 GCTaskThread "GC Thread#2" [stack: 0x00000040f1900000,0x00000040f1a00000] [id=15400]
  0x000001ab31d56a30 GCTaskThread "GC Thread#3" [stack: 0x00000040f1a00000,0x00000040f1b00000] [id=13184]

Threads with active compile tasks:
C2 CompilerThread0     6604 1951       4       java.lang.System::getSecurityManager (12 bytes)
C1 CompilerThread0     6604 1946       3       java.net.URLStreamHandler::parseURL (1201 bytes)

VM state: not at safepoint (normal execution)

VM Mutex/Monitor currently owned by a thread:  ([mutex/lock_event])
[0x000001ab183eb260] Metaspace_lock - owner thread: 0x000001ab31bc9af0

OutOfMemory and StackOverflow Exception counts:
OutOfMemoryError java_heap_errors=1
LinkageErrors=14

Heap address: 0x00000000c0000000, size: 1024 MB, Compressed Oops mode: 32-bit

CDS archive(s) not mapped
Compressed class space mapped at: 0x0000000100000000-0x0000000140000000, reserved size: 1073741824
Narrow klass base: 0x0000000000000000, Narrow klass shift: 3, Narrow klass range: 0x140000000

GC Precious Log:
 CPUs: 4 total, 4 available
 Memory: 12014M
 Large Page Support: Disabled
 NUMA Support: Disabled
 Compressed Oops: Enabled (32-bit)
 Alignments: Space 512K, Generation 512K, Heap 2M
 Heap Min Capacity: 100M
 Heap Initial Capacity: 100M
 Heap Max Capacity: 1G
 Pre-touch: Disabled
 Parallel Workers: 4

Heap:
 PSYoungGen      total 29696K, used 21693K [0x00000000eab00000, 0x00000000ecc00000, 0x0000000100000000)
  eden space 25600K, 68% used [0x00000000eab00000,0x00000000ebc34e30,0x00000000ec400000)
  from space 4096K, 99% used [0x00000000ec800000,0x00000000ecbfa640,0x00000000ecc00000)
  to   space 4096K, 0% used [0x00000000ec400000,0x00000000ec400000,0x00000000ec800000)
 ParOldGen       total 68608K, used 754K [0x00000000c0000000, 0x00000000c4300000, 0x00000000eab00000)
  object space 68608K, 1% used [0x00000000c0000000,0x00000000c00bcb70,0x00000000c4300000)
 Metaspace       used 18422K, committed 18752K, reserved 1114112K
  class space    used 1881K, committed 2048K, reserved 1048576K

Card table byte_map: [0x000001ab17d90000,0x000001ab17fa0000] _byte_map_base: 0x000001ab17790000

Marking Bits: (ParMarkBitMap*) 0x00007ffcee65d7d0
 Begin Bits: [0x000001ab2a090000, 0x000001ab2b090000)
 End Bits:   [0x000001ab2b090000, 0x000001ab2c090000)

Polling page: 0x000001ab16200000

Metaspace:

Usage:
  Non-class:     16.15 MB used.
      Class:      1.84 MB used.
       Both:     17.99 MB used.

Virtual space:
  Non-class space:       64.00 MB reserved,      16.31 MB ( 25%) committed,  1 nodes.
      Class space:        1.00 GB reserved,       2.00 MB ( <1%) committed,  1 nodes.
             Both:        1.06 GB reserved,      18.31 MB (  2%) committed. 

Chunk freelists:
   Non-Class:  15.20 MB
       Class:  13.97 MB
        Both:  29.17 MB

MaxMetaspaceSize: unlimited
CompressedClassSpaceSize: 1.00 GB
Initial GC threshold: 21.00 MB
Current GC threshold: 21.00 MB
CDS: off
MetaspaceReclaimPolicy: balanced
 - commit_granule_bytes: 65536.
 - commit_granule_words: 8192.
 - virtual_space_node_default_size: 8388608.
 - enlarge_chunks_in_place: 1.
 - new_chunks_are_fully_committed: 0.
 - uncommit_free_chunks: 1.
 - use_allocation_guard: 0.
 - handle_deallocations: 1.


Internal statistics:

num_allocs_failed_limit: 0.
num_arena_births: 170.
num_arena_deaths: 0.
num_vsnodes_births: 2.
num_vsnodes_deaths: 0.
num_space_committed: 293.
num_space_uncommitted: 0.
num_chunks_returned_to_freelist: 0.
num_chunks_taken_from_freelist: 539.
num_chunk_merges: 0.
num_chunk_splits: 342.
num_chunks_enlarged: 244.
num_inconsistent_stats: 0.

CodeHeap 'non-profiled nmethods': size=120000Kb used=801Kb max_used=801Kb free=119198Kb
 bounds [0x000001ab22b60000, 0x000001ab22dd0000, 0x000001ab2a090000]
CodeHeap 'profiled nmethods': size=120000Kb used=3677Kb max_used=3677Kb free=116322Kb
 bounds [0x000001ab1b090000, 0x000001ab1b430000, 0x000001ab225c0000]
CodeHeap 'non-nmethods': size=5760Kb used=1189Kb max_used=1200Kb free=4570Kb
 bounds [0x000001ab225c0000, 0x000001ab22830000, 0x000001ab22b60000]
 total_blobs=2424 nmethods=1944 adapters=394
 compilation: enabled
              stopped_count=0, restarted_count=0
 full_count=0

Compilation events (20 events):
Event: 6.543 Thread 0x000001ab31469c90 1936       3       java.util.Arrays::copyOfRange (90 bytes)
Event: 6.544 Thread 0x000001ab31469c90 nmethod 1936 0x000001ab1b420110 code [0x000001ab1b4203c0, 0x000001ab1b421098]
Event: 6.557 Thread 0x000001ab31469c90 1937       3       java.lang.invoke.MethodHandles$Lookup::in (283 bytes)
Event: 6.559 Thread 0x000001ab31469c90 nmethod 1937 0x000001ab1b421510 code [0x000001ab1b421940, 0x000001ab1b423408]
Event: 6.559 Thread 0x000001ab31469c90 1938       3       java.lang.invoke.VarHandleGuards::guard_LI_I (78 bytes)
Event: 6.560 Thread 0x000001ab31469c90 nmethod 1938 0x000001ab1b423d10 code [0x000001ab1b424040, 0x000001ab1b425aa8]
Event: 6.560 Thread 0x000001ab31469c90 1940       3       jdk.internal.misc.Unsafe::getAndAddInt (27 bytes)
Event: 6.561 Thread 0x000001ab31469c90 nmethod 1940 0x000001ab1b426310 code [0x000001ab1b4264c0, 0x000001ab1b426708]
Event: 6.561 Thread 0x000001ab31469c90 1941       3       java.lang.reflect.Executable::<init> (5 bytes)
Event: 6.561 Thread 0x000001ab31469c90 nmethod 1941 0x000001ab1b426810 code [0x000001ab1b4269c0, 0x000001ab1b426b78]
Event: 6.561 Thread 0x000001ab31469c90 1942       3       jdk.internal.reflect.MagicAccessorImpl::<init> (5 bytes)
Event: 6.561 Thread 0x000001ab31469c90 nmethod 1942 0x000001ab1b426c90 code [0x000001ab1b426e20, 0x000001ab1b426f78]
Event: 6.574 Thread 0x000001ab2c265010 1943       4       java.util.AbstractList::<init> (10 bytes)
Event: 6.574 Thread 0x000001ab2c265010 nmethod 1943 0x000001ab22c27f10 code [0x000001ab22c28080, 0x000001ab22c280f8]
Event: 6.581 Thread 0x000001ab31469c90 1944       1       java.lang.reflect.Field::getName (5 bytes)
Event: 6.581 Thread 0x000001ab31469c90 nmethod 1944 0x000001ab22c28210 code [0x000001ab22c283a0, 0x000001ab22c28478]
Event: 6.582 Thread 0x000001ab31469c90 1945       3       sun.net.www.protocol.file.Handler::parseURL (18 bytes)
Event: 6.582 Thread 0x000001ab31469c90 nmethod 1945 0x000001ab1b427010 code [0x000001ab1b4271c0, 0x000001ab1b427378]
Event: 6.582 Thread 0x000001ab31469c90 1946       3       java.net.URLStreamHandler::parseURL (1201 bytes)
Event: 6.585 Thread 0x000001ab2c265010 1951       4       java.lang.System::getSecurityManager (12 bytes)

GC Heap History (4 events):
Event: 2.583 GC heap before
{Heap before GC invocations=1 (full 0):
 PSYoungGen      total 29696K, used 25600K [0x00000000eab00000, 0x00000000ecc00000, 0x0000000100000000)
  eden space 25600K, 100% used [0x00000000eab00000,0x00000000ec400000,0x00000000ec400000)
  from space 4096K, 0% used [0x00000000ec800000,0x00000000ec800000,0x00000000ecc00000)
  to   space 4096K, 0% used [0x00000000ec400000,0x00000000ec400000,0x00000000ec800000)
 ParOldGen       total 68608K, used 0K [0x00000000c0000000, 0x00000000c4300000, 0x00000000eab00000)
  object space 68608K, 0% used [0x00000000c0000000,0x00000000c0000000,0x00000000c4300000)
 Metaspace       used 11011K, committed 11200K, reserved 1114112K
  class space    used 1096K, committed 1216K, reserved 1048576K
}
Event: 2.605 GC heap after
{Heap after GC invocations=1 (full 0):
 PSYoungGen      total 29696K, used 3173K [0x00000000eab00000, 0x00000000ecc00000, 0x0000000100000000)
  eden space 25600K, 0% used [0x00000000eab00000,0x00000000eab00000,0x00000000ec400000)
  from space 4096K, 77% used [0x00000000ec400000,0x00000000ec719710,0x00000000ec800000)
  to   space 4096K, 0% used [0x00000000ec800000,0x00000000ec800000,0x00000000ecc00000)
 ParOldGen       total 68608K, used 0K [0x00000000c0000000, 0x00000000c4300000, 0x00000000eab00000)
  object space 68608K, 0% used [0x00000000c0000000,0x00000000c0000000,0x00000000c4300000)
 Metaspace       used 11011K, committed 11200K, reserved 1114112K
  class space    used 1096K, committed 1216K, reserved 1048576K
}
Event: 4.308 GC heap before
{Heap before GC invocations=2 (full 0):
 PSYoungGen      total 29696K, used 28773K [0x00000000eab00000, 0x00000000ecc00000, 0x0000000100000000)
  eden space 25600K, 100% used [0x00000000eab00000,0x00000000ec400000,0x00000000ec400000)
  from space 4096K, 77% used [0x00000000ec400000,0x00000000ec719710,0x00000000ec800000)
  to   space 4096K, 0% used [0x00000000ec800000,0x00000000ec800000,0x00000000ecc00000)
 ParOldGen       total 68608K, used 0K [0x00000000c0000000, 0x00000000c4300000, 0x00000000eab00000)
  object space 68608K, 0% used [0x00000000c0000000,0x00000000c0000000,0x00000000c4300000)
 Metaspace       used 14869K, committed 15168K, reserved 1114112K
  class space    used 1508K, committed 1664K, reserved 1048576K
}
Event: 4.315 GC heap after
{Heap after GC invocations=2 (full 0):
 PSYoungGen      total 29696K, used 4073K [0x00000000eab00000, 0x00000000ecc00000, 0x0000000100000000)
  eden space 25600K, 0% used [0x00000000eab00000,0x00000000eab00000,0x00000000ec400000)
  from space 4096K, 99% used [0x00000000ec800000,0x00000000ecbfa640,0x00000000ecc00000)
  to   space 4096K, 0% used [0x00000000ec400000,0x00000000ec400000,0x00000000ec800000)
 ParOldGen       total 68608K, used 754K [0x00000000c0000000, 0x00000000c4300000, 0x00000000eab00000)
  object space 68608K, 1% used [0x00000000c0000000,0x00000000c00bcb70,0x00000000c4300000)
 Metaspace       used 14869K, committed 15168K, reserved 1114112K
  class space    used 1508K, committed 1664K, reserved 1048576K
}

Dll operation events (9 events):
Event: 0.019 Loaded shared library c:\Users\WWW\.vscode\extensions\redhat.java-1.28.1-win32-x64\jre\17.0.10-win32-x86_64\bin\java.dll
Event: 0.481 Loaded shared library c:\Users\WWW\.vscode\extensions\redhat.java-1.28.1-win32-x64\jre\17.0.10-win32-x86_64\bin\zip.dll
Event: 0.484 Loaded shared library C:\Users\WWW\.vscode\extensions\redhat.java-1.28.1-win32-x64\jre\17.0.10-win32-x86_64\bin\instrument.dll
Event: 0.533 Loaded shared library C:\Users\WWW\.vscode\extensions\redhat.java-1.28.1-win32-x64\jre\17.0.10-win32-x86_64\bin\net.dll
Event: 0.543 Loaded shared library C:\Users\WWW\.vscode\extensions\redhat.java-1.28.1-win32-x64\jre\17.0.10-win32-x86_64\bin\nio.dll
Event: 0.561 Loaded shared library C:\Users\WWW\.vscode\extensions\redhat.java-1.28.1-win32-x64\jre\17.0.10-win32-x86_64\bin\zip.dll
Event: 0.616 Loaded shared library C:\Users\WWW\.vscode\extensions\redhat.java-1.28.1-win32-x64\jre\17.0.10-win32-x86_64\bin\jimage.dll
Event: 0.755 Loaded shared library c:\Users\WWW\.vscode\extensions\redhat.java-1.28.1-win32-x64\jre\17.0.10-win32-x86_64\bin\verify.dll
Event: 3.809 Loaded shared library C:\Users\WWW\AppData\Roaming\Code\User\globalStorage\redhat.java\1.28.1\config_ss_win\org.eclipse.equinox.launcher\org.eclipse.equinox.launcher.win32.win32.x86_64_1.2.900.v20240129-1338\eclipse_11900.dll

Deoptimization events (20 events):
Event: 6.377 Thread 0x000001ab31bc9af0 Uncommon trap: trap_request=0xffffffc6 fr.pc=0x000001ab22c1de98 relative=0x0000000000000358
Event: 6.377 Thread 0x000001ab31bc9af0 Uncommon trap: reason=bimorphic_or_optimized_type_check action=maybe_recompile pc=0x000001ab22c1de98 method=java.io.DataInputStream.readUnsignedByte()I @ 4 c2
Event: 6.377 Thread 0x000001ab31bc9af0 DEOPT PACKING pc=0x000001ab22c1de98 sp=0x00000040f1ef8720
Event: 6.377 Thread 0x000001ab31bc9af0 DEOPT UNPACKING pc=0x000001ab22619ea3 sp=0x00000040f1ef8678 mode 2
Event: 6.377 Thread 0x000001ab31bc9af0 Uncommon trap: trap_request=0xffffffc6 fr.pc=0x000001ab22c1de98 relative=0x0000000000000358
Event: 6.377 Thread 0x000001ab31bc9af0 Uncommon trap: reason=bimorphic_or_optimized_type_check action=maybe_recompile pc=0x000001ab22c1de98 method=java.io.DataInputStream.readUnsignedByte()I @ 4 c2
Event: 6.377 Thread 0x000001ab31bc9af0 DEOPT PACKING pc=0x000001ab22c1de98 sp=0x00000040f1ef8720
Event: 6.377 Thread 0x000001ab31bc9af0 DEOPT UNPACKING pc=0x000001ab22619ea3 sp=0x00000040f1ef8678 mode 2
Event: 6.377 Thread 0x000001ab31bc9af0 Uncommon trap: trap_request=0xffffffc6 fr.pc=0x000001ab22c1f23c relative=0x0000000000000d7c
Event: 6.377 Thread 0x000001ab31bc9af0 Uncommon trap: reason=bimorphic_or_optimized_type_check action=maybe_recompile pc=0x000001ab22c1f23c method=java.io.DataInputStream.readInt()I @ 6 c2
Event: 6.377 Thread 0x000001ab31bc9af0 DEOPT PACKING pc=0x000001ab22c1f23c sp=0x00000040f1ef8720
Event: 6.377 Thread 0x000001ab31bc9af0 DEOPT UNPACKING pc=0x000001ab22619ea3 sp=0x00000040f1ef86d8 mode 2
Event: 6.377 Thread 0x000001ab31bc9af0 Uncommon trap: trap_request=0xffffffc6 fr.pc=0x000001ab22c1f23c relative=0x0000000000000d7c
Event: 6.377 Thread 0x000001ab31bc9af0 Uncommon trap: reason=bimorphic_or_optimized_type_check action=maybe_recompile pc=0x000001ab22c1f23c method=java.io.DataInputStream.readInt()I @ 6 c2
Event: 6.377 Thread 0x000001ab31bc9af0 DEOPT PACKING pc=0x000001ab22c1f23c sp=0x00000040f1ef8720
Event: 6.377 Thread 0x000001ab31bc9af0 DEOPT UNPACKING pc=0x000001ab22619ea3 sp=0x00000040f1ef86d8 mode 2
Event: 6.377 Thread 0x000001ab31bc9af0 Uncommon trap: trap_request=0xffffffc6 fr.pc=0x000001ab22c1f23c relative=0x0000000000000d7c
Event: 6.377 Thread 0x000001ab31bc9af0 Uncommon trap: reason=bimorphic_or_optimized_type_check action=maybe_recompile pc=0x000001ab22c1f23c method=java.io.DataInputStream.readInt()I @ 6 c2
Event: 6.377 Thread 0x000001ab31bc9af0 DEOPT PACKING pc=0x000001ab22c1f23c sp=0x00000040f1ef8790
Event: 6.377 Thread 0x000001ab31bc9af0 DEOPT UNPACKING pc=0x000001ab22619ea3 sp=0x00000040f1ef8748 mode 2

Classes unloaded (0 events):
No events

Classes redefined (0 events):
No events

Internal exceptions (20 events):
Event: 2.107 Thread 0x000001ab183efe80 Implicit null exception at 0x000001ab22bb316c to 0x000001ab22bb3344
Event: 2.107 Thread 0x000001ab183efe80 Implicit null exception at 0x000001ab22ba3e8e to 0x000001ab22ba40c4
Event: 2.107 Thread 0x000001ab183efe80 Implicit null exception at 0x000001ab22ba458f to 0x000001ab22ba4605
Event: 2.444 Thread 0x000001ab183efe80 Exception <a 'java/lang/NoSuchMethodError'{0x00000000ec3aa160}: 'int java.lang.invoke.DirectMethodHandle$Holder.invokeStaticInit(java.lang.Object, java.lang.Object, java.lang.Object, java.lang.Object)'> (0x00000000ec3aa160) 
thrown [s\src\hotspot\share\interpreter\linkResolver.cpp, line 759]
Event: 2.448 Thread 0x000001ab183efe80 Exception <a 'java/lang/NoSuchMethodError'{0x00000000ec3b47d0}: 'java.lang.Object java.lang.invoke.DirectMethodHandle$Holder.invokeInterface(java.lang.Object, java.lang.Object)'> (0x00000000ec3b47d0) 
thrown [s\src\hotspot\share\interpreter\linkResolver.cpp, line 759]
Event: 2.452 Thread 0x000001ab183efe80 Exception <a 'java/lang/IncompatibleClassChangeError'{0x00000000ec3b7fc8}: Found class java.lang.Object, but interface was expected> (0x00000000ec3b7fc8) 
thrown [s\src\hotspot\share\interpreter\linkResolver.cpp, line 826]
Event: 2.455 Thread 0x000001ab183efe80 Exception <a 'java/lang/NoSuchMethodError'{0x00000000ec3bc4b8}: 'void java.lang.invoke.DirectMethodHandle$Holder.invokeStatic(java.lang.Object, java.lang.Object)'> (0x00000000ec3bc4b8) 
thrown [s\src\hotspot\share\interpreter\linkResolver.cpp, line 759]
Event: 2.503 Thread 0x000001ab183efe80 Exception <a 'java/lang/NoSuchMethodError'{0x00000000ec3bfcb8}: 'void java.lang.invoke.DirectMethodHandle$Holder.invokeStaticInit(java.lang.Object, java.lang.Object)'> (0x00000000ec3bfcb8) 
thrown [s\src\hotspot\share\interpreter\linkResolver.cpp, line 759]
Event: 2.513 Thread 0x000001ab183efe80 Exception <a 'java/lang/NoSuchMethodError'{0x00000000ec3c7128}: 'int java.lang.invoke.DirectMethodHandle$Holder.invokeStaticInit(java.lang.Object, java.lang.Object)'> (0x00000000ec3c7128) 
thrown [s\src\hotspot\share\interpreter\linkResolver.cpp, line 759]
Event: 2.688 Thread 0x000001ab183efe80 Exception <a 'java/lang/NoSuchMethodError'{0x00000000eabf2ab8}: 'void java.lang.invoke.DirectMethodHandle$Holder.invokeSpecial(java.lang.Object, java.lang.Object, java.lang.Object)'> (0x00000000eabf2ab8) 
thrown [s\src\hotspot\share\interpreter\linkResolver.cpp, line 759]
Event: 3.370 Thread 0x000001ab183efe80 Exception <a 'java/lang/NoSuchMethodError'{0x00000000eb8aaf48}: 'java.lang.Object java.lang.invoke.DirectMethodHandle$Holder.newInvokeSpecial(java.lang.Object, int, java.lang.Object)'> (0x00000000eb8aaf48) 
thrown [s\src\hotspot\share\interpreter\linkResolver.cpp, line 759]
Event: 3.805 Thread 0x000001ab183efe80 Exception <a 'java/lang/UnsatisfiedLinkError'{0x00000000ebdec8f0}: 'void org.eclipse.equinox.launcher.JNIBridge._update_splash()'> (0x00000000ebdec8f0) 
thrown [s\src\hotspot\share\prims\nativeLookup.cpp, line 543]
Event: 4.070 Thread 0x000001ab31bc9af0 Exception <a 'java/lang/NoSuchMethodError'{0x00000000ec1141d8}: 'java.lang.Object java.lang.invoke.DirectMethodHandle$Holder.invokeStaticInit(java.lang.Object)'> (0x00000000ec1141d8) 
thrown [s\src\hotspot\share\interpreter\linkResolver.cpp, line 759]
Event: 4.233 Thread 0x000001ab31bc9af0 Exception <a 'java/lang/NullPointerException'{0x00000000ec24e750}> (0x00000000ec24e750) 
thrown [s\src\hotspot\share\interpreter\linkResolver.cpp, line 1350]
Event: 4.233 Thread 0x000001ab31bc9af0 Exception <a 'java/lang/NullPointerException'{0x00000000ec24ea28}> (0x00000000ec24ea28) 
thrown [s\src\hotspot\share\interpreter\linkResolver.cpp, line 1350]
Event: 5.979 Thread 0x000001ab31bc9af0 Exception <a 'java/io/FileNotFoundException'{0x00000000eb49ae30}> (0x00000000eb49ae30) 
thrown [s\src\hotspot\share\prims\jni.cpp, line 516]
Event: 6.113 Thread 0x000001ab31bc9af0 Exception <a 'java/lang/NoSuchMethodError'{0x00000000eb6334f0}: 'java.lang.Object java.lang.invoke.Invokers$Holder.invokeExact_MT(java.lang.Object, java.lang.Object, java.lang.Object, java.lang.Object, java.lang.Object, java.lang.Object)'> (0x00000000eb6334f0) 
thrown [s\src\hotspot\share\interpreter\linkResolver.cpp, line 759]
Event: 6.301 Thread 0x000001ab31bc9af0 Exception <a 'java/lang/NoSuchMethodError'{0x00000000eb751b58}: 'java.lang.Object java.lang.invoke.Invokers$Holder.linkToTargetMethod(java.lang.Object, long, java.lang.Object)'> (0x00000000eb751b58) 
thrown [s\src\hotspot\share\interpreter\linkResolver.cpp, line 759]
Event: 6.559 Thread 0x000001ab31bc9af0 Exception <a 'java/lang/NoSuchMethodError'{0x00000000ebadf908}: 'void java.lang.invoke.DirectMethodHandle$Holder.invokeInterface(java.lang.Object, java.lang.Object, java.lang.Object)'> (0x00000000ebadf908) 
thrown [s\src\hotspot\share\interpreter\linkResolver.cpp, line 759]
Event: 6.579 Thread 0x000001ab31bc9af0 Exception <a 'java/lang/OutOfMemoryError'{0x00000000ebb52378}> (0x00000000ebb52378) 
thrown [s\src\hotspot\share\prims\jni.cpp, line 535]

VM Operations (20 events):
Event: 3.303 Executing VM operation: HandshakeAllThreads
Event: 3.334 Executing VM operation: HandshakeAllThreads done
Event: 3.335 Executing VM operation: HandshakeAllThreads
Event: 3.335 Executing VM operation: HandshakeAllThreads done
Event: 3.341 Executing VM operation: HandshakeAllThreads
Event: 3.341 Executing VM operation: HandshakeAllThreads done
Event: 3.358 Executing VM operation: HandshakeAllThreads
Event: 3.358 Executing VM operation: HandshakeAllThreads done
Event: 4.225 Executing VM operation: HandshakeAllThreads
Event: 4.225 Executing VM operation: HandshakeAllThreads done
Event: 4.225 Executing VM operation: Cleanup
Event: 4.225 Executing VM operation: Cleanup done
Event: 4.308 Executing VM operation: ParallelGCFailedAllocation
Event: 4.315 Executing VM operation: ParallelGCFailedAllocation done
Event: 5.317 Executing VM operation: Cleanup
Event: 5.342 Executing VM operation: Cleanup done
Event: 6.342 Executing VM operation: Cleanup
Event: 6.349 Executing VM operation: Cleanup done
Event: 6.378 Executing VM operation: HandshakeAllThreads
Event: 6.378 Executing VM operation: HandshakeAllThreads done

Events (20 events):
Event: 6.382 loading class java/util/Formatter done
Event: 6.445 loading class java/util/Formatter$FixedString
Event: 6.445 loading class java/util/Formatter$FormatString
Event: 6.445 loading class java/util/Formatter$FormatString done
Event: 6.446 loading class java/util/Formatter$FixedString done
Event: 6.446 loading class java/util/Formatter$Conversion
Event: 6.446 loading class java/util/Formatter$Conversion done
Event: 6.446 loading class java/util/Formatter$FormatSpecifier
Event: 6.449 loading class java/util/Formatter$FormatSpecifier done
Event: 6.449 loading class java/util/Formatter$Flags
Event: 6.449 loading class java/util/Formatter$Flags done
Event: 6.449 loading class java/util/Formattable
Event: 6.449 loading class java/util/Formattable done
Event: 6.554 loading class java/util/concurrent/TimeoutException
Event: 6.555 loading class java/util/concurrent/TimeoutException done
Event: 6.576 Thread 0x000001ab3189fa80 Thread added: 0x000001ab3189fa80
Event: 6.578 loading class java/net/URISyntaxException
Event: 6.578 loading class java/net/URISyntaxException done
Event: 6.582 loading class jdk/internal/reflect/UnsafeStaticObjectFieldAccessorImpl
Event: 6.583 loading class jdk/internal/reflect/UnsafeStaticObjectFieldAccessorImpl done


Dynamic libraries:
0x00007ff6bd590000 - 0x00007ff6bd59e000 	c:\Users\WWW\.vscode\extensions\redhat.java-1.28.1-win32-x64\jre\17.0.10-win32-x86_64\bin\java.exe
0x00007ffd36070000 - 0x00007ffd36268000 	C:\Windows\SYSTEM32\ntdll.dll
0x00007ffd356c0000 - 0x00007ffd3577d000 	C:\Windows\System32\KERNEL32.DLL
0x00007ffd33b50000 - 0x00007ffd33e46000 	C:\Windows\System32\KERNELBASE.dll
0x00007ffd33880000 - 0x00007ffd33980000 	C:\Windows\System32\ucrtbase.dll
0x00007ffd21070000 - 0x00007ffd21087000 	c:\Users\WWW\.vscode\extensions\redhat.java-1.28.1-win32-x64\jre\17.0.10-win32-x86_64\bin\jli.dll
0x00007ffd34260000 - 0x00007ffd343fe000 	C:\Windows\System32\USER32.dll
0x00007ffd33ee0000 - 0x00007ffd33f02000 	C:\Windows\System32\win32u.dll
0x00007ffd35fa0000 - 0x00007ffd35fcb000 	C:\Windows\System32\GDI32.dll
0x00007ffd33760000 - 0x00007ffd33877000 	C:\Windows\System32\gdi32full.dll
0x00007ffd33f10000 - 0x00007ffd33fad000 	C:\Windows\System32\msvcp_win.dll
0x00007ffd20b40000 - 0x00007ffd20b5b000 	c:\Users\WWW\.vscode\extensions\redhat.java-1.28.1-win32-x64\jre\17.0.10-win32-x86_64\bin\VCRUNTIME140.dll
0x00007ffd1f2a0000 - 0x00007ffd1f53a000 	C:\Windows\WinSxS\amd64_microsoft.windows.common-controls_6595b64144ccf1df_6.0.19041.3636_none_60b6a03d71f818d5\COMCTL32.dll
0x00007ffd35620000 - 0x00007ffd356be000 	C:\Windows\System32\msvcrt.dll
0x00007ffd35780000 - 0x00007ffd357b2000 	C:\Windows\System32\IMM32.DLL
0x00007ffd22460000 - 0x00007ffd2246c000 	c:\Users\WWW\.vscode\extensions\redhat.java-1.28.1-win32-x64\jre\17.0.10-win32-x86_64\bin\vcruntime140_1.dll
0x00007ffcefe10000 - 0x00007ffcefe9d000 	c:\Users\WWW\.vscode\extensions\redhat.java-1.28.1-win32-x64\jre\17.0.10-win32-x86_64\bin\msvcp140.dll
0x00007ffcedac0000 - 0x00007ffcee722000 	c:\Users\WWW\.vscode\extensions\redhat.java-1.28.1-win32-x64\jre\17.0.10-win32-x86_64\bin\server\jvm.dll
0x00007ffd35cd0000 - 0x00007ffd35d83000 	C:\Windows\System32\ADVAPI32.dll
0x00007ffd357c0000 - 0x00007ffd3585f000 	C:\Windows\System32\sechost.dll
0x00007ffd35e70000 - 0x00007ffd35f96000 	C:\Windows\System32\RPCRT4.dll
0x00007ffd33730000 - 0x00007ffd33757000 	C:\Windows\System32\bcrypt.dll
0x00007ffd32cd0000 - 0x00007ffd32d1b000 	C:\Windows\SYSTEM32\POWRPROF.dll
0x00007ffd185d0000 - 0x00007ffd185d9000 	C:\Windows\SYSTEM32\WSOCK32.dll
0x00007ffd35020000 - 0x00007ffd3508b000 	C:\Windows\System32\WS2_32.dll
0x00007ffd23d40000 - 0x00007ffd23d4a000 	C:\Windows\SYSTEM32\VERSION.dll
0x00007ffd282b0000 - 0x00007ffd282d7000 	C:\Windows\SYSTEM32\WINMM.dll
0x00007ffd32b40000 - 0x00007ffd32b52000 	C:\Windows\SYSTEM32\UMPDC.dll
0x00007ffd31610000 - 0x00007ffd31622000 	C:\Windows\SYSTEM32\kernel.appcore.dll
0x00007ffd210a0000 - 0x00007ffd210aa000 	c:\Users\WWW\.vscode\extensions\redhat.java-1.28.1-win32-x64\jre\17.0.10-win32-x86_64\bin\jimage.dll
0x00007ffd30ef0000 - 0x00007ffd310d4000 	C:\Windows\SYSTEM32\DBGHELP.DLL
0x00007ffd0ceb0000 - 0x00007ffd0cee4000 	C:\Windows\SYSTEM32\dbgcore.DLL
0x00007ffd33e50000 - 0x00007ffd33ed2000 	C:\Windows\System32\bcryptPrimitives.dll
0x00007ffd21040000 - 0x00007ffd2104e000 	c:\Users\WWW\.vscode\extensions\redhat.java-1.28.1-win32-x64\jre\17.0.10-win32-x86_64\bin\instrument.dll
0x00007ffcfa0e0000 - 0x00007ffcfa105000 	c:\Users\WWW\.vscode\extensions\redhat.java-1.28.1-win32-x64\jre\17.0.10-win32-x86_64\bin\java.dll
0x00007ffd1f640000 - 0x00007ffd1f658000 	c:\Users\WWW\.vscode\extensions\redhat.java-1.28.1-win32-x64\jre\17.0.10-win32-x86_64\bin\zip.dll
0x00007ffd34670000 - 0x00007ffd34db5000 	C:\Windows\System32\SHELL32.dll
0x00007ffd317a0000 - 0x00007ffd31f3c000 	C:\Windows\SYSTEM32\windows.storage.dll
0x00007ffd35090000 - 0x00007ffd353e4000 	C:\Windows\System32\combase.dll
0x00007ffd33160000 - 0x00007ffd3318e000 	C:\Windows\SYSTEM32\Wldp.dll
0x00007ffd344b0000 - 0x00007ffd3457d000 	C:\Windows\System32\OLEAUT32.dll
0x00007ffd35570000 - 0x00007ffd3561d000 	C:\Windows\System32\SHCORE.dll
0x00007ffd35fd0000 - 0x00007ffd36025000 	C:\Windows\System32\shlwapi.dll
0x00007ffd33660000 - 0x00007ffd33685000 	C:\Windows\SYSTEM32\profapi.dll
0x00007ffd1be60000 - 0x00007ffd1be79000 	C:\Users\WWW\.vscode\extensions\redhat.java-1.28.1-win32-x64\jre\17.0.10-win32-x86_64\bin\net.dll
0x00007ffd2d6b0000 - 0x00007ffd2d7ba000 	C:\Windows\SYSTEM32\WINHTTP.dll
0x00007ffd32ec0000 - 0x00007ffd32f2a000 	C:\Windows\system32\mswsock.dll
0x00007ffd0c480000 - 0x00007ffd0c496000 	C:\Users\WWW\.vscode\extensions\redhat.java-1.28.1-win32-x64\jre\17.0.10-win32-x86_64\bin\nio.dll
0x00007ffd20ff0000 - 0x00007ffd21000000 	c:\Users\WWW\.vscode\extensions\redhat.java-1.28.1-win32-x64\jre\17.0.10-win32-x86_64\bin\verify.dll
0x00007ffcf9bd0000 - 0x00007ffcf9c0e000 	C:\Users\WWW\AppData\Roaming\Code\User\globalStorage\redhat.java\1.28.1\config_ss_win\org.eclipse.equinox.launcher\org.eclipse.equinox.launcher.win32.win32.x86_64_1.2.900.v20240129-1338\eclipse_11900.dll
0x00007ffd34dd0000 - 0x00007ffd34efb000 	C:\Windows\System32\ole32.dll

dbghelp: loaded successfully - version: 4.0.5 - missing functions: none
symbol engine: initialized successfully - sym options: 0x614 - pdb path: .;c:\Users\WWW\.vscode\extensions\redhat.java-1.28.1-win32-x64\jre\17.0.10-win32-x86_64\bin;C:\Windows\SYSTEM32;C:\Windows\WinSxS\amd64_microsoft.windows.common-controls_6595b64144ccf1df_6.0.19041.3636_none_60b6a03d71f818d5;c:\Users\WWW\.vscode\extensions\redhat.java-1.28.1-win32-x64\jre\17.0.10-win32-x86_64\bin\server;C:\Users\WWW\AppData\Roaming\Code\User\globalStorage\redhat.java\1.28.1\config_ss_win\org.eclipse.equinox.launcher\org.eclipse.equinox.launcher.win32.win32.x86_64_1.2.900.v20240129-1338

VM Arguments:
jvm_args: --add-modules=ALL-SYSTEM --add-opens=java.base/java.util=ALL-UNNAMED --add-opens=java.base/java.lang=ALL-UNNAMED --add-opens=java.base/sun.nio.fs=ALL-UNNAMED -Declipse.application=org.eclipse.jdt.ls.core.id1 -Dosgi.bundles.defaultStartLevel=4 -Declipse.product=org.eclipse.jdt.ls.core.product -Djava.import.generatesMetadataFilesAtProjectRoot=false -DDetectVMInstallationsJob.disabled=true -Dfile.encoding=utf8 -XX:+UseParallelGC -XX:GCTimeRatio=4 -XX:AdaptiveSizePolicyWeight=90 -Dsun.zip.disableMemoryMapping=true -Xmx1G -Xms100m -Xlog:disable -javaagent:c:\Users\WWW\.vscode\extensions\redhat.java-1.28.1-win32-x64\lombok\lombok-1.18.31.jar 
java_command: c:\Users\WWW\.vscode\extensions\redhat.java-1.28.1-win32-x64\server\plugins\org.eclipse.equinox.launcher_1.6.700.v20231214-2017.jar -configuration c:\Users\WWW\AppData\Roaming\Code\User\globalStorage\redhat.java\1.28.1\config_ss_win -data c:\Users\WWW\AppData\Roaming\Code\User\workspaceStorage\25c52656fe235033c3891bf73b138fd1\redhat.java\ss_ws --stdio
java_class_path (initial): c:\Users\WWW\.vscode\extensions\redhat.java-1.28.1-win32-x64\server\plugins\org.eclipse.equinox.launcher_1.6.700.v20231214-2017.jar
Launcher Type: SUN_STANDARD

[Global flags]
    uintx AdaptiveSizePolicyWeight                 = 90                                        {product} {command line}
     intx CICompilerCount                          = 3                                         {product} {ergonomic}
    uintx GCTimeRatio                              = 4                                         {product} {command line}
   size_t InitialHeapSize                          = 104857600                                 {product} {command line}
   size_t MaxHeapSize                              = 1073741824                                {product} {command line}
   size_t MaxNewSize                               = 357564416                                 {product} {ergonomic}
   size_t MinHeapDeltaBytes                        = 524288                                    {product} {ergonomic}
   size_t MinHeapSize                              = 104857600                                 {product} {command line}
   size_t NewSize                                  = 34603008                                  {product} {ergonomic}
    uintx NonNMethodCodeHeapSize                   = 5832780                                {pd product} {ergonomic}
    uintx NonProfiledCodeHeapSize                  = 122912730                              {pd product} {ergonomic}
   size_t OldSize                                  = 70254592                                  {product} {ergonomic}
    uintx ProfiledCodeHeapSize                     = 122912730                              {pd product} {ergonomic}
    uintx ReservedCodeCacheSize                    = 251658240                              {pd product} {ergonomic}
     bool SegmentedCodeCache                       = true                                      {product} {ergonomic}
   size_t SoftMaxHeapSize                          = 1073741824                             {manageable} {ergonomic}
     bool UseCompressedClassPointers               = true                           {product lp64_product} {ergonomic}
     bool UseCompressedOops                        = true                           {product lp64_product} {ergonomic}
     bool UseLargePagesIndividualAllocation        = false                                  {pd product} {ergonomic}
     bool UseParallelGC                            = true                                      {product} {command line}

Logging:
Log output configuration:
 #0: stdout all=off uptime,level,tags
 #1: stderr all=off uptime,level,tags

Environment Variables:
JAVA_HOME=C:\Program Files\Java\jdk-21
PATH=C:\Program Files\Common Files\Oracle\Java\javapath;C:\Windows\system32;C:\Windows;C:\Windows\System32\Wbem;C:\Windows\System32\WindowsPowerShell\v1.0\;C:\Windows\System32\OpenSSH\;C:\Program Files\Git\cmd;F:\xampp\php;C:\Program Files\Java\jdk-21\bin;C:\MinGW\bin;C:\Program Files\nodejs\;C:\Users\WWW\AppData\Local\Programs\Python\Python312\Scripts\;C:\Users\WWW\AppData\Local\Programs\Python\Python312\;C:\Users\WWW\AppData\Local\Microsoft\WindowsApps;C:\Users\WWW\AppData\Local\Programs\Microsoft VS Code\bin;C:\Users\WWW\AppData\Roaming\Composer\vendor\bin;C:\Users\WWW\AppData\Roaming\npm;C:\Users\WWW\AppData\Local\Programs\Python\Python312\python.exe;
USERNAME=WWW
OS=Windows_NT
PROCESSOR_IDENTIFIER=Intel64 Family 6 Model 140 Stepping 1, GenuineIntel
TMP=C:\Users\WWW\AppData\Local\Temp
TEMP=C:\Users\WWW\AppData\Local\Temp



Periodic native trim disabled


---------------  S Y S T E M  ---------------

OS:
 Windows 10 , 64 bit Build 19041 (10.0.19041.3636)
OS uptime: 1 days 12:08 hours
Hyper-V role detected

CPU: total 4 (initial active 4) (2 cores per cpu, 2 threads per core) family 6 model 140 stepping 1 microcode 0xb4, cx8, cmov, fxsr, ht, mmx, 3dnowpref, sse, sse2, sse3, ssse3, sse4.1, sse4.2, popcnt, lzcnt, tsc, tscinvbit, avx, avx2, aes, erms, clmul, bmi1, bmi2, adx, avx512f, avx512dq, avx512cd, avx512bw, avx512vl, sha, fma, vzeroupper, avx512_vpopcntdq, avx512_vpclmulqdq, avx512_vaes, avx512_vnni, clflush, clflushopt, clwb, avx512_vbmi2, avx512_vbmi, hv
Processor Information for all 4 processors :
  Max Mhz: 2995, Current Mhz: 2995, Mhz Limit: 2995

Memory: 4k page, system-wide physical 12014M (633M free)
TotalPageFile size 16991M (AvailPageFile size 2M)
current process WorkingSet (physical memory assigned to process): 91M, peak: 92M
current process commit charge ("private bytes"): 196M, peak: 196M

vm_info: OpenJDK 64-Bit Server VM (17.0.10+7) for windows-amd64 JRE (17.0.10+7), built on Jan 16 2024 23:25:11 by "admin" with MS VC++ 16.10 / 16.11 (VS2019)

END.
